Log file open, 10/02/20 19:50:15
LogInit: Display: Running engine for game: MyProject2
LogPlatformFile: Not using cached read wrapper
LogTaskGraph: Started task graph with 5 named threads and 35 total threads with 3 sets of task threads.
LogStats: Stats thread started at 0.159052
LogD3D11RHI: Loaded GFSDK_Aftermath_Lib.x64.dll
LogICUInternationalization: ICU TimeZone Detection - Raw Offset: +2:00, Platform Override: ''
LogPluginManager: Mounting plugin Paper2D
LogPluginManager: Mounting plugin AISupport
LogPluginManager: Mounting plugin LightPropagationVolume
LogPluginManager: Mounting plugin CameraShakePreviewer
LogPluginManager: Mounting plugin ActorLayerUtilities
LogPluginManager: Mounting plugin AnimationSharing
LogPluginManager: Mounting plugin CLionSourceCodeAccess
LogPluginManager: Mounting plugin CodeLiteSourceCodeAccess
LogPluginManager: Mounting plugin GitSourceControl
LogPluginManager: Mounting plugin KDevelopSourceCodeAccess
LogPluginManager: Mounting plugin NullSourceCodeAccess
LogPluginManager: Mounting plugin PerforceSourceControl
LogPluginManager: Mounting plugin PlasticSourceControl
LogPluginManager: Mounting plugin RiderSourceCodeAccess
LogPluginManager: Mounting plugin SubversionSourceControl
LogPluginManager: Mounting plugin UObjectPlugin
LogPluginManager: Mounting plugin VisualStudioCodeSourceCodeAccess
LogPluginManager: Mounting plugin VisualStudioSourceCodeAccess
LogPluginManager: Mounting plugin XCodeSourceCodeAccess
LogPluginManager: Mounting plugin AssetManagerEditor
LogPluginManager: Mounting plugin CryptoKeys
LogPluginManager: Mounting plugin CurveEditorTools
LogPluginManager: Mounting plugin DataValidation
LogPluginManager: Mounting plugin EditorScriptingUtilities
LogPluginManager: Mounting plugin FacialAnimation
LogPluginManager: Mounting plugin GameplayTagsEditor
LogPluginManager: Mounting plugin GeometryMode
LogPluginManager: Mounting plugin MacGraphicsSwitching
LogPluginManager: Mounting plugin MaterialAnalyzer
LogPluginManager: Mounting plugin MobileLauncherProfileWizard
LogPluginManager: Mounting plugin PluginBrowser
LogPluginManager: Mounting plugin SpeedTreeImporter
LogPluginManager: Mounting plugin DatasmithContent
LogPluginManager: Mounting plugin VariantManagerContent
LogPluginManager: Mounting plugin AlembicImporter
LogPluginManager: Mounting plugin AutomationUtils
LogPluginManager: Mounting plugin BackChannel
LogPluginManager: Mounting plugin ChaosCloth
LogPluginManager: Mounting plugin ChaosClothEditor
LogPluginManager: Mounting plugin ChaosEditor
LogPluginManager: Mounting plugin ChaosNiagara
LogPluginManager: Mounting plugin ChaosSolverPlugin
LogPluginManager: Mounting plugin CharacterAI
LogPluginManager: Mounting plugin GeometryCache
LogPluginManager: Mounting plugin GeometryCollectionPlugin
LogPluginManager: Mounting plugin GeometryProcessing
LogPluginManager: Mounting plugin PlanarCut
LogPluginManager: Mounting plugin PlatformCrypto
LogPluginManager: Mounting plugin ProxyLODPlugin
LogPluginManager: Mounting plugin SkeletalReduction
LogPluginManager: Mounting plugin Niagara
LogPluginManager: Mounting plugin MagicLeap
LogPluginManager: Mounting plugin MagicLeapLightEstimation
LogPluginManager: Mounting plugin MagicLeapMedia
LogPluginManager: Mounting plugin MagicLeapPassableWorld
LogPluginManager: Mounting plugin MLSDK
LogPluginManager: Mounting plugin AndroidMedia
LogPluginManager: Mounting plugin AvfMedia
LogPluginManager: Mounting plugin ImgMedia
LogPluginManager: Mounting plugin MediaCompositing
LogPluginManager: Mounting plugin MediaPlayerEditor
LogPluginManager: Mounting plugin WebMMedia
LogPluginManager: Mounting plugin WmfMedia
LogPluginManager: Mounting plugin MeshPainting
LogPluginManager: Mounting plugin TcpMessaging
LogPluginManager: Mounting plugin UdpMessaging
LogPluginManager: Mounting plugin ActorSequence
LogPluginManager: Mounting plugin LevelSequenceEditor
LogPluginManager: Mounting plugin MatineeToLevelSequence
LogPluginManager: Mounting plugin MovieRenderPipeline
LogPluginManager: Mounting plugin TemplateSequence
LogPluginManager: Mounting plugin NetcodeUnitTest
LogPluginManager: Mounting plugin NUTUnrealEngine4
LogPluginManager: Mounting plugin OnlineSubsystemGooglePlay
LogPluginManager: Mounting plugin OnlineSubsystemIOS
LogPluginManager: Mounting plugin OnlineSubsystem
LogPluginManager: Mounting plugin OnlineSubsystemNull
LogPluginManager: Mounting plugin OnlineSubsystemUtils
LogPluginManager: Mounting plugin LauncherChunkInstaller
LogPluginManager: Mounting plugin AndroidDeviceProfileSelector
LogPluginManager: Mounting plugin AndroidMoviePlayer
LogPluginManager: Mounting plugin AndroidPermission
LogPluginManager: Mounting plugin AppleImageUtils
LogPluginManager: Mounting plugin AppleMoviePlayer
LogPluginManager: Mounting plugin ArchVisCharacter
LogPluginManager: Mounting plugin AssetTags
LogPluginManager: Mounting plugin AudioCapture
LogPluginManager: Mounting plugin CableComponent
LogPluginManager: Mounting plugin CustomMeshComponent
LogPluginManager: Mounting plugin EditableMesh
LogPluginManager: Mounting plugin ExampleDeviceProfileSelector
LogPluginManager: Mounting plugin GoogleCloudMessaging
LogPluginManager: Mounting plugin GooglePAD
LogPluginManager: Mounting plugin IOSDeviceProfileSelector
LogPluginManager: Mounting plugin LinuxDeviceProfileSelector
LogPluginManager: Mounting plugin LocationServicesBPLibrary
LogPluginManager: Mounting plugin MobilePatchingUtils
LogPluginManager: Mounting plugin OculusVR
LogPluginManager: Mounting plugin PhysXVehicles
LogPluginManager: Mounting plugin PostSplashScreen
LogPluginManager: Mounting plugin ProceduralMeshComponent
LogPluginManager: Mounting plugin RuntimePhysXCooking
LogPluginManager: Mounting plugin SignificanceManager
LogPluginManager: Mounting plugin SoundFields
LogPluginManager: Mounting plugin SteamVR
LogPluginManager: Mounting plugin Synthesis
LogPluginManager: Mounting plugin WebMMoviePlayer
LogPluginManager: Mounting plugin WindowsMoviePlayer
LogPluginManager: Mounting plugin ScreenshotTools
LogInit: Using libcurl 7.55.1-DEV
LogInit:  - built for x86_64-pc-win32
LogInit:  - supports SSL with OpenSSL/1.1.1
LogInit:  - supports HTTP deflate (compression) using libz 1.2.8
LogInit:  - other features:
LogInit:      CURL_VERSION_SSL
LogInit:      CURL_VERSION_LIBZ
LogInit:      CURL_VERSION_IPV6
LogInit:      CURL_VERSION_ASYNCHDNS
LogInit:      CURL_VERSION_LARGEFILE
LogInit:      CURL_VERSION_IDN
LogInit:  CurlRequestOptions (configurable via config and command line):
LogInit:  - bVerifyPeer = true  - Libcurl will verify peer certificate
LogInit:  - bUseHttpProxy = false  - Libcurl will NOT use HTTP proxy
LogInit:  - bDontReuseConnections = false  - Libcurl will reuse connections
LogInit:  - MaxHostConnections = 16  - Libcurl will limit the number of connections to a host
LogInit:  - LocalHostAddr = Default
LogInit:  - BufferSize = 65536
LogOnline: OSS: Creating online subsystem instance for: NULL
LogInit: WinSock: version 1.1 (2.2), MaxSocks=32767, MaxUdp=65467
LogOnline: OSS: TryLoadSubsystemAndSetDefault: Loaded subsystem for module [NULL]
LogInit: Build: ++UE4+Release-4.25-CL-13942748
LogInit: Engine Version: 4.25.3-13942748+++UE4+Release-4.25
LogInit: Compatible Engine Version: 4.25.0-13144385+++UE4+Release-4.25
LogInit: Net CL: 13144385
LogInit: OS: Windows 10 (Release 2004) (), CPU: AMD Ryzen 5 3600 6-Core Processor              , GPU: NVIDIA GeForce GTX 660 Ti
LogInit: Compiled (64-bit): Jul 25 2020 02:07:48
LogInit: Compiled with Visual C++: 19.24.28315.00
LogInit: Build Configuration: Development
LogInit: Branch Name: ++UE4+Release-4.25
LogInit: Command Line:  -EpicPortal -epicusername=rykae -epicuserid=7515e4631c624c4bb03703f1ddaf67e2 -epiclocale=en
LogInit: Base Directory: D:/Unreal Engine/UE_4.25/Engine/Binaries/Win64/
LogInit: Allocator: TBB
LogInit: Installed Engine Build: 1
LogDevObjectVersion: Number of dev versions registered: 26
LogDevObjectVersion:   Dev-Blueprints (B0D832E4-1F89-4F0D-ACCF-7EB736FD4AA2): 10
LogDevObjectVersion:   Dev-Build (E1C64328-A22C-4D53-A36C-8E866417BD8C): 0
LogDevObjectVersion:   Dev-Core (375EC13C-06E4-48FB-B500-84F0262A717E): 4
LogDevObjectVersion:   Dev-Editor (E4B068ED-F494-42E9-A231-DA0B2E46BB41): 38
LogDevObjectVersion:   Dev-Framework (CFFC743F-43B0-4480-9391-14DF171D2073): 37
LogDevObjectVersion:   Dev-Mobile (B02B49B5-BB20-44E9-A304-32B752E40360): 2
LogDevObjectVersion:   Dev-Networking (A4E4105C-59A1-49B5-A7C5-40C4547EDFEE): 0
LogDevObjectVersion:   Dev-Online (39C831C9-5AE6-47DC-9A44-9C173E1C8E7C): 0
LogDevObjectVersion:   Dev-Physics (78F01B33-EBEA-4F98-B9B4-84EACCB95AA2): 4
LogDevObjectVersion:   Dev-Platform (6631380F-2D4D-43E0-8009-CF276956A95A): 0
LogDevObjectVersion:   Dev-Rendering (12F88B9F-8875-4AFC-A67C-D90C383ABD29): 43
LogDevObjectVersion:   Dev-Sequencer (7B5AE74C-D270-4C10-A958-57980B212A5A): 12
LogDevObjectVersion:   Dev-VR (D7296918-1DD6-4BDD-9DE2-64A83CC13884): 3
LogDevObjectVersion:   Dev-LoadTimes (C2A15278-BFE7-4AFE-6C17-90FF531DF755): 1
LogDevObjectVersion:   Private-Geometry (6EACA3D4-40EC-4CC1-B786-8BED09428FC5): 3
LogDevObjectVersion:   Dev-AnimPhys (29E575DD-E0A3-4627-9D10-D276232CDCEA): 17
LogDevObjectVersion:   Dev-Anim (AF43A65D-7FD3-4947-9873-3E8ED9C1BB05): 7
LogDevObjectVersion:   Dev-ReflectionCapture (6B266CEC-1EC7-4B8F-A30B-E4D90942FC07): 1
LogDevObjectVersion:   Dev-Automation (0DF73D61-A23F-47EA-B727-89E90C41499A): 1
LogDevObjectVersion:   FortniteMain (601D1886-AC64-4F84-AA16-D3DE0DEAC7D6): 31
LogDevObjectVersion:   Dev-Enterprise (9DFFBCD6-494F-0158-E221-12823C92A888): 10
LogDevObjectVersion:   Dev-Niagara (F2AED0AC-9AFE-416F-8664-AA7FFA26D6FC): 1
LogDevObjectVersion:   Dev-Destruction (174F1F0B-B4C6-45A5-B13F-2EE8D0FB917D): 10
LogDevObjectVersion:   Dev-Physics-Ext (35F94A83-E258-406C-A318-09F59610247C): 37
LogDevObjectVersion:   Dev-PhysicsMaterial-Chaos (B68FC16E-8B1B-42E2-B453-215C058844FE): 1
LogDevObjectVersion:   Dev-CineCamera (B2E18506-4273-CFC2-A54E-F4BB758BBA07): 1
LogInit: Presizing for max 25165824 objects, including 0 objects not considered by GC, pre-allocating 0 bytes for permanent pool.
LogConfig: Applying CVar settings from Section [/Script/Engine.StreamingSettings] File [C:/Users/roosa/OneDrive/Työpöytä/Koulujutut/Pelikehityksen perusteet/Peke2020/MyProject2/Saved/Config/Windows/Engine.ini]
LogConfig: Setting CVar [[s.MinBulkDataSizeForAsyncLoading:131072]]
LogConfig: Setting CVar [[s.AsyncLoadingThreadEnabled:0]]
LogConfig: Setting CVar [[s.EventDrivenLoaderEnabled:1]]
LogConfig: Setting CVar [[s.WarnIfTimeLimitExceeded:0]]
LogConfig: Setting CVar [[s.TimeLimitExceededMultiplier:1.5]]
LogConfig: Setting CVar [[s.TimeLimitExceededMinTime:0.005]]
LogConfig: Setting CVar [[s.UseBackgroundLevelStreaming:1]]
LogConfig: Setting CVar [[s.PriorityAsyncLoadingExtraTime:15.0]]
LogConfig: Setting CVar [[s.LevelStreamingActorsUpdateTimeLimit:5.0]]
LogConfig: Setting CVar [[s.PriorityLevelStreamingActorsUpdateExtraTime:5.0]]
LogConfig: Setting CVar [[s.LevelStreamingComponentsRegistrationGranularity:10]]
LogConfig: Setting CVar [[s.UnregisterComponentsTimeLimit:1.0]]
LogConfig: Setting CVar [[s.LevelStreamingComponentsUnregistrationGranularity:5]]
LogConfig: Setting CVar [[s.FlushStreamingOnExit:1]]
LogInit: Object subsystem initialized
LogConfig: Setting CVar [[con.DebugEarlyDefault:1]]
LogConfig: Setting CVar [[r.setres:1280x720]]
[2020.10.02-16.50.16:199][  0]LogConfig: Setting CVar [[r.VSync:0]]
[2020.10.02-16.50.16:199][  0]LogConfig: Setting CVar [[r.RHICmdBypass:0]]
[2020.10.02-16.50.16:199][  0]LogConfig: Applying CVar settings from Section [/Script/Engine.RendererSettings] File [C:/Users/roosa/OneDrive/Työpöytä/Koulujutut/Pelikehityksen perusteet/Peke2020/MyProject2/Saved/Config/Windows/Engine.ini]
[2020.10.02-16.50.16:199][  0]LogConfig: Setting CVar [[r.GPUCrashDebugging:0]]
[2020.10.02-16.50.16:199][  0]LogConfig: Setting CVar [[r.DefaultFeature.AutoExposure:0]]
[2020.10.02-16.50.16:199][  0]LogConfig: Setting CVar [[r.TranslucentSortPolicy:0]]
[2020.10.02-16.50.16:199][  0]LogConfig: Applying CVar settings from Section [/Script/Engine.RendererOverrideSettings] File [C:/Users/roosa/OneDrive/Työpöytä/Koulujutut/Pelikehityksen perusteet/Peke2020/MyProject2/Saved/Config/Windows/Engine.ini]
[2020.10.02-16.50.16:199][  0]LogConfig: Applying CVar settings from Section [/Script/Engine.StreamingSettings] File [C:/Users/roosa/OneDrive/Työpöytä/Koulujutut/Pelikehityksen perusteet/Peke2020/MyProject2/Saved/Config/Windows/Engine.ini]
[2020.10.02-16.50.16:199][  0]LogConfig: Setting CVar [[s.MinBulkDataSizeForAsyncLoading:131072]]
[2020.10.02-16.50.16:199][  0]LogConfig: Setting CVar [[s.AsyncLoadingThreadEnabled:0]]
[2020.10.02-16.50.16:199][  0]LogConfig: Setting CVar [[s.EventDrivenLoaderEnabled:1]]
[2020.10.02-16.50.16:199][  0]LogConfig: Setting CVar [[s.WarnIfTimeLimitExceeded:0]]
[2020.10.02-16.50.16:199][  0]LogConfig: Setting CVar [[s.TimeLimitExceededMultiplier:1.5]]
[2020.10.02-16.50.16:199][  0]LogConfig: Setting CVar [[s.TimeLimitExceededMinTime:0.005]]
[2020.10.02-16.50.16:200][  0]LogConfig: Setting CVar [[s.UseBackgroundLevelStreaming:1]]
[2020.10.02-16.50.16:200][  0]LogConfig: Setting CVar [[s.PriorityAsyncLoadingExtraTime:15.0]]
[2020.10.02-16.50.16:200][  0]LogConfig: Setting CVar [[s.LevelStreamingActorsUpdateTimeLimit:5.0]]
[2020.10.02-16.50.16:200][  0]LogConfig: Setting CVar [[s.PriorityLevelStreamingActorsUpdateExtraTime:5.0]]
[2020.10.02-16.50.16:200][  0]LogConfig: Setting CVar [[s.LevelStreamingComponentsRegistrationGranularity:10]]
[2020.10.02-16.50.16:200][  0]LogConfig: Setting CVar [[s.UnregisterComponentsTimeLimit:1.0]]
[2020.10.02-16.50.16:200][  0]LogConfig: Setting CVar [[s.LevelStreamingComponentsUnregistrationGranularity:5]]
[2020.10.02-16.50.16:200][  0]LogConfig: Setting CVar [[s.FlushStreamingOnExit:1]]
[2020.10.02-16.50.16:200][  0]LogConfig: Applying CVar settings from Section [/Script/Engine.GarbageCollectionSettings] File [C:/Users/roosa/OneDrive/Työpöytä/Koulujutut/Pelikehityksen perusteet/Peke2020/MyProject2/Saved/Config/Windows/Engine.ini]
[2020.10.02-16.50.16:200][  0]LogConfig: Setting CVar [[gc.MaxObjectsNotConsideredByGC:1]]
[2020.10.02-16.50.16:200][  0]LogConfig: Setting CVar [[gc.SizeOfPermanentObjectPool:0]]
[2020.10.02-16.50.16:200][  0]LogConfig: Setting CVar [[gc.FlushStreamingOnGC:0]]
[2020.10.02-16.50.16:200][  0]LogConfig: Setting CVar [[gc.NumRetriesBeforeForcingGC:10]]
[2020.10.02-16.50.16:200][  0]LogConfig: Setting CVar [[gc.AllowParallelGC:1]]
[2020.10.02-16.50.16:200][  0]LogConfig: Setting CVar [[gc.TimeBetweenPurgingPendingKillObjects:61.1]]
[2020.10.02-16.50.16:200][  0]LogConfig: Setting CVar [[gc.MaxObjectsInEditor:25165824]]
[2020.10.02-16.50.16:200][  0]LogConfig: Setting CVar [[gc.IncrementalBeginDestroyEnabled:1]]
[2020.10.02-16.50.16:200][  0]LogConfig: Setting CVar [[gc.CreateGCClusters:1]]
[2020.10.02-16.50.16:200][  0]LogConfig: Setting CVar [[gc.MinGCClusterSize:5]]
[2020.10.02-16.50.16:200][  0]LogConfig: Setting CVar [[gc.ActorClusteringEnabled:0]]
[2020.10.02-16.50.16:200][  0]LogConfig: Setting CVar [[gc.BlueprintClusteringEnabled:0]]
[2020.10.02-16.50.16:200][  0]LogConfig: Setting CVar [[gc.UseDisregardForGCOnDedicatedServers:0]]
[2020.10.02-16.50.16:200][  0]LogConfig: Applying CVar settings from Section [/Script/Engine.NetworkSettings] File [C:/Users/roosa/OneDrive/Työpöytä/Koulujutut/Pelikehityksen perusteet/Peke2020/MyProject2/Saved/Config/Windows/Engine.ini]
[2020.10.02-16.50.16:200][  0]LogConfig: Applying CVar settings from Section [/Script/UnrealEd.CookerSettings] File [C:/Users/roosa/OneDrive/Työpöytä/Koulujutut/Pelikehityksen perusteet/Peke2020/MyProject2/Saved/Config/Windows/Engine.ini]
[2020.10.02-16.50.16:203][  0]LogConfig: Applying CVar settings from Section [ViewDistanceQuality@3] File [C:/Users/roosa/OneDrive/Työpöytä/Koulujutut/Pelikehityksen perusteet/Peke2020/MyProject2/Saved/Config/Windows/Scalability.ini]
[2020.10.02-16.50.16:203][  0]LogConfig: Setting CVar [[r.SkeletalMeshLODBias:0]]
[2020.10.02-16.50.16:203][  0]LogConfig: Setting CVar [[r.ViewDistanceScale:1.0]]
[2020.10.02-16.50.16:203][  0]LogConfig: Applying CVar settings from Section [AntiAliasingQuality@3] File [C:/Users/roosa/OneDrive/Työpöytä/Koulujutut/Pelikehityksen perusteet/Peke2020/MyProject2/Saved/Config/Windows/Scalability.ini]
[2020.10.02-16.50.16:203][  0]LogConfig: Setting CVar [[r.PostProcessAAQuality:4]]
[2020.10.02-16.50.16:203][  0]LogConfig: Applying CVar settings from Section [ShadowQuality@3] File [C:/Users/roosa/OneDrive/Työpöytä/Koulujutut/Pelikehityksen perusteet/Peke2020/MyProject2/Saved/Config/Windows/Scalability.ini]
[2020.10.02-16.50.16:203][  0]LogConfig: Setting CVar [[r.LightFunctionQuality:1]]
[2020.10.02-16.50.16:203][  0]LogConfig: Setting CVar [[r.ShadowQuality:5]]
[2020.10.02-16.50.16:203][  0]LogConfig: Setting CVar [[r.Shadow.CSM.MaxCascades:10]]
[2020.10.02-16.50.16:203][  0]LogConfig: Setting CVar [[r.Shadow.MaxResolution:2048]]
[2020.10.02-16.50.16:203][  0]LogConfig: Setting CVar [[r.Shadow.MaxCSMResolution:2048]]
[2020.10.02-16.50.16:203][  0]LogConfig: Setting CVar [[r.Shadow.RadiusThreshold:0.01]]
[2020.10.02-16.50.16:203][  0]LogConfig: Setting CVar [[r.Shadow.DistanceScale:1.0]]
[2020.10.02-16.50.16:203][  0]LogConfig: Setting CVar [[r.Shadow.CSM.TransitionScale:1.0]]
[2020.10.02-16.50.16:203][  0]LogConfig: Setting CVar [[r.Shadow.PreShadowResolutionFactor:1.0]]
[2020.10.02-16.50.16:203][  0]LogConfig: Setting CVar [[r.DistanceFieldShadowing:1]]
[2020.10.02-16.50.16:203][  0]LogConfig: Setting CVar [[r.DistanceFieldAO:1]]
[2020.10.02-16.50.16:203][  0]LogConfig: Setting CVar [[r.AOQuality:2]]
[2020.10.02-16.50.16:203][  0]LogConfig: Setting CVar [[r.VolumetricFog:1]]
[2020.10.02-16.50.16:203][  0]LogConfig: Setting CVar [[r.VolumetricFog.GridPixelSize:8]]
[2020.10.02-16.50.16:203][  0]LogConfig: Setting CVar [[r.VolumetricFog.GridSizeZ:128]]
[2020.10.02-16.50.16:203][  0]LogConfig: Setting CVar [[r.VolumetricFog.HistoryMissSupersampleCount:4]]
[2020.10.02-16.50.16:203][  0]LogConfig: Setting CVar [[r.LightMaxDrawDistanceScale:1]]
[2020.10.02-16.50.16:203][  0]LogConfig: Setting CVar [[r.CapsuleShadows:1]]
[2020.10.02-16.50.16:203][  0]LogConfig: Applying CVar settings from Section [PostProcessQuality@3] File [C:/Users/roosa/OneDrive/Työpöytä/Koulujutut/Pelikehityksen perusteet/Peke2020/MyProject2/Saved/Config/Windows/Scalability.ini]
[2020.10.02-16.50.16:203][  0]LogConfig: Setting CVar [[r.MotionBlurQuality:4]]
[2020.10.02-16.50.16:203][  0]LogConfig: Setting CVar [[r.AmbientOcclusionMipLevelFactor:0.4]]
[2020.10.02-16.50.16:203][  0]LogConfig: Setting CVar [[r.AmbientOcclusionMaxQuality:100]]
[2020.10.02-16.50.16:203][  0]LogConfig: Setting CVar [[r.AmbientOcclusionLevels:-1]]
[2020.10.02-16.50.16:203][  0]LogConfig: Setting CVar [[r.AmbientOcclusionRadiusScale:1.0]]
[2020.10.02-16.50.16:203][  0]LogConfig: Setting CVar [[r.DepthOfFieldQuality:2]]
[2020.10.02-16.50.16:203][  0]LogConfig: Setting CVar [[r.RenderTargetPoolMin:400]]
[2020.10.02-16.50.16:203][  0]LogConfig: Setting CVar [[r.LensFlareQuality:2]]
[2020.10.02-16.50.16:203][  0]LogConfig: Setting CVar [[r.SceneColorFringeQuality:1]]
[2020.10.02-16.50.16:203][  0]LogConfig: Setting CVar [[r.EyeAdaptationQuality:2]]
[2020.10.02-16.50.16:203][  0]LogConfig: Setting CVar [[r.BloomQuality:5]]
[2020.10.02-16.50.16:203][  0]LogConfig: Setting CVar [[r.FastBlurThreshold:100]]
[2020.10.02-16.50.16:203][  0]LogConfig: Setting CVar [[r.Upscale.Quality:3]]
[2020.10.02-16.50.16:203][  0]LogConfig: Setting CVar [[r.Tonemapper.GrainQuantization:1]]
[2020.10.02-16.50.16:203][  0]LogConfig: Setting CVar [[r.LightShaftQuality:1]]
[2020.10.02-16.50.16:203][  0]LogConfig: Setting CVar [[r.Filter.SizeScale:1]]
[2020.10.02-16.50.16:203][  0]LogConfig: Setting CVar [[r.Tonemapper.Quality:5]]
[2020.10.02-16.50.16:203][  0]LogConfig: Setting CVar [[r.DOF.Gather.AccumulatorQuality:1        ; higher gathering accumulator quality]]
[2020.10.02-16.50.16:203][  0]LogConfig: Setting CVar [[r.DOF.Gather.PostfilterMethod:1          ; Median3x3 postfilering method]]
[2020.10.02-16.50.16:203][  0]LogConfig: Setting CVar [[r.DOF.Gather.EnableBokehSettings:0       ; no bokeh simulation when gathering]]
[2020.10.02-16.50.16:203][  0]LogConfig: Setting CVar [[r.DOF.Gather.RingCount:4                 ; medium number of samples when gathering]]
[2020.10.02-16.50.16:203][  0]LogConfig: Setting CVar [[r.DOF.Scatter.ForegroundCompositing:1    ; additive foreground scattering]]
[2020.10.02-16.50.16:203][  0]LogConfig: Setting CVar [[r.DOF.Scatter.BackgroundCompositing:2    ; additive background scattering]]
[2020.10.02-16.50.16:203][  0]LogConfig: Setting CVar [[r.DOF.Scatter.EnableBokehSettings:1      ; bokeh simulation when scattering]]
[2020.10.02-16.50.16:203][  0]LogConfig: Setting CVar [[r.DOF.Scatter.MaxSpriteRatio:0.1         ; only a maximum of 10% of scattered bokeh]]
[2020.10.02-16.50.16:203][  0]LogConfig: Setting CVar [[r.DOF.Recombine.Quality:1                ; cheap slight out of focus]]
[2020.10.02-16.50.16:203][  0]LogConfig: Setting CVar [[r.DOF.Recombine.EnableBokehSettings:0    ; no bokeh simulation on slight out of focus]]
[2020.10.02-16.50.16:203][  0]LogConfig: Setting CVar [[r.DOF.TemporalAAQuality:1                ; more stable temporal accumulation]]
[2020.10.02-16.50.16:203][  0]LogConfig: Setting CVar [[r.DOF.Kernel.MaxForegroundRadius:0.025]]
[2020.10.02-16.50.16:203][  0]LogConfig: Setting CVar [[r.DOF.Kernel.MaxBackgroundRadius:0.025]]
[2020.10.02-16.50.16:203][  0]LogConfig: Applying CVar settings from Section [TextureQuality@3] File [C:/Users/roosa/OneDrive/Työpöytä/Koulujutut/Pelikehityksen perusteet/Peke2020/MyProject2/Saved/Config/Windows/Scalability.ini]
[2020.10.02-16.50.16:203][  0]LogConfig: Setting CVar [[r.Streaming.MipBias:0]]
[2020.10.02-16.50.16:203][  0]LogConfig: Setting CVar [[r.Streaming.AmortizeCPUToGPUCopy:0]]
[2020.10.02-16.50.16:203][  0]LogConfig: Setting CVar [[r.Streaming.MaxNumTexturesToStreamPerFrame:0]]
[2020.10.02-16.50.16:203][  0]LogConfig: Setting CVar [[r.Streaming.Boost:1]]
[2020.10.02-16.50.16:203][  0]LogConfig: Setting CVar [[r.MaxAnisotropy:8]]
[2020.10.02-16.50.16:203][  0]LogConfig: Setting CVar [[r.VT.MaxAnisotropy:8]]
[2020.10.02-16.50.16:203][  0]LogConfig: Setting CVar [[r.Streaming.LimitPoolSizeToVRAM:0]]
[2020.10.02-16.50.16:203][  0]LogConfig: Setting CVar [[r.Streaming.PoolSize:1000]]
[2020.10.02-16.50.16:203][  0]LogConfig: Setting CVar [[r.Streaming.MaxEffectiveScreenSize:0]]
[2020.10.02-16.50.16:203][  0]LogConfig: Applying CVar settings from Section [EffectsQuality@3] File [C:/Users/roosa/OneDrive/Työpöytä/Koulujutut/Pelikehityksen perusteet/Peke2020/MyProject2/Saved/Config/Windows/Scalability.ini]
[2020.10.02-16.50.16:204][  0]LogConfig: Setting CVar [[r.TranslucencyLightingVolumeDim:64]]
[2020.10.02-16.50.16:204][  0]LogConfig: Setting CVar [[r.RefractionQuality:2]]
[2020.10.02-16.50.16:204][  0]LogConfig: Setting CVar [[r.SSR.Quality:3]]
[2020.10.02-16.50.16:204][  0]LogConfig: Setting CVar [[r.SSR.HalfResSceneColor:0]]
[2020.10.02-16.50.16:204][  0]LogConfig: Setting CVar [[r.SceneColorFormat:4]]
[2020.10.02-16.50.16:204][  0]LogConfig: Setting CVar [[r.DetailMode:2]]
[2020.10.02-16.50.16:204][  0]LogConfig: Setting CVar [[r.TranslucencyVolumeBlur:1]]
[2020.10.02-16.50.16:204][  0]LogConfig: Setting CVar [[r.MaterialQualityLevel:1 ; High quality]]
[2020.10.02-16.50.16:204][  0]LogConfig: Setting CVar [[r.SSS.Scale:1]]
[2020.10.02-16.50.16:204][  0]LogConfig: Setting CVar [[r.SSS.SampleSet:2]]
[2020.10.02-16.50.16:204][  0]LogConfig: Setting CVar [[r.SSS.Quality:1]]
[2020.10.02-16.50.16:204][  0]LogConfig: Setting CVar [[r.SSS.HalfRes:0]]
[2020.10.02-16.50.16:204][  0]LogConfig: Setting CVar [[r.SSGI.Quality:3]]
[2020.10.02-16.50.16:204][  0]LogConfig: Setting CVar [[r.EmitterSpawnRateScale:1.0]]
[2020.10.02-16.50.16:204][  0]LogConfig: Setting CVar [[r.ParticleLightQuality:2]]
[2020.10.02-16.50.16:204][  0]LogConfig: Setting CVar [[r.SkyAtmosphere.AerialPerspectiveLUT.FastApplyOnOpaque:1 ; Always have FastSkyLUT 1 in this case to avoid wrong sky]]
[2020.10.02-16.50.16:204][  0]LogConfig: Setting CVar [[r.SkyAtmosphere.AerialPerspectiveLUT.SampleCountPerSlice:1]]
[2020.10.02-16.50.16:204][  0]LogConfig: Setting CVar [[r.SkyAtmosphere.AerialPerspectiveLUT.DepthResolution:16.0]]
[2020.10.02-16.50.16:204][  0]LogConfig: Setting CVar [[r.SkyAtmosphere.FastSkyLUT:1]]
[2020.10.02-16.50.16:204][  0]LogConfig: Setting CVar [[r.SkyAtmosphere.FastSkyLUT.SampleCountMin:4.0]]
[2020.10.02-16.50.16:204][  0]LogConfig: Setting CVar [[r.SkyAtmosphere.FastSkyLUT.SampleCountMax:32.0]]
[2020.10.02-16.50.16:204][  0]LogConfig: Setting CVar [[r.SkyAtmosphere.SampleCountMin:4.0]]
[2020.10.02-16.50.16:204][  0]LogConfig: Setting CVar [[r.SkyAtmosphere.SampleCountMax:32.0]]
[2020.10.02-16.50.16:204][  0]LogConfig: Setting CVar [[r.SkyAtmosphere.TransmittanceLUT.UseSmallFormat:0]]
[2020.10.02-16.50.16:204][  0]LogConfig: Setting CVar [[r.SkyAtmosphere.TransmittanceLUT.SampleCount:10.0]]
[2020.10.02-16.50.16:204][  0]LogConfig: Setting CVar [[r.SkyAtmosphere.MultiScatteringLUT.SampleCount:15.0]]
[2020.10.02-16.50.16:204][  0]LogConfig: Applying CVar settings from Section [FoliageQuality@3] File [C:/Users/roosa/OneDrive/Työpöytä/Koulujutut/Pelikehityksen perusteet/Peke2020/MyProject2/Saved/Config/Windows/Scalability.ini]
[2020.10.02-16.50.16:204][  0]LogConfig: Setting CVar [[foliage.DensityScale:1.0]]
[2020.10.02-16.50.16:204][  0]LogConfig: Setting CVar [[grass.DensityScale:1.0]]
[2020.10.02-16.50.16:204][  0]LogConfig: Applying CVar settings from Section [ShadingQuality@3] File [C:/Users/roosa/OneDrive/Työpöytä/Koulujutut/Pelikehityksen perusteet/Peke2020/MyProject2/Saved/Config/Windows/Scalability.ini]
[2020.10.02-16.50.16:204][  0]LogConfig: Setting CVar [[r.HairStrands.SkyLighting.SampleCount:16]]
[2020.10.02-16.50.16:204][  0]LogConfig: Setting CVar [[r.HairStrands.SkyLighting.JitterIntegration:0]]
[2020.10.02-16.50.16:204][  0]LogConfig: Setting CVar [[r.HairStrands.SkyAO.SampleCount:16]]
[2020.10.02-16.50.16:204][  0]LogConfig: Setting CVar [[r.HairStrands.DeepShadow.SuperSampling:0]]
[2020.10.02-16.50.16:204][  0]LogConfig: Setting CVar [[r.HairStrands.VisibilityPPLL:0]]
[2020.10.02-16.50.16:204][  0]LogConfig: Setting CVar [[r.HairStrands.RasterizationScale:0.5]]
[2020.10.02-16.50.16:204][  0]LogConfig: Setting CVar [[r.HairStrands.VelocityRasterizationScale:1]]
[2020.10.02-16.50.16:204][  0]LogInit: Selected Device Profile: [Windows]
[2020.10.02-16.50.16:204][  0]LogInit: Applying CVar settings loaded from the selected device profile: [Windows]
[2020.10.02-16.50.16:204][  0]LogHAL: Display: Platform has ~ 16 GB [17125920768 / 17179869184 / 16], which maps to Larger [LargestMinGB=32, LargerMinGB=12, DefaultMinGB=8, SmallerMinGB=6, SmallestMinGB=0)
[2020.10.02-16.50.16:204][  0]LogInit: Going up to parent DeviceProfile []
[2020.10.02-16.50.16:204][  0]LogConfig: Applying CVar settings from Section [ViewDistanceQuality@3] File [C:/Users/roosa/OneDrive/Työpöytä/Koulujutut/Pelikehityksen perusteet/Peke2020/MyProject2/Saved/Config/Windows/Scalability.ini]
[2020.10.02-16.50.16:204][  0]LogConfig: Setting CVar [[r.SkeletalMeshLODBias:0]]
[2020.10.02-16.50.16:204][  0]LogConfig: Setting CVar [[r.ViewDistanceScale:1.0]]
[2020.10.02-16.50.16:204][  0]LogConfig: Applying CVar settings from Section [AntiAliasingQuality@3] File [C:/Users/roosa/OneDrive/Työpöytä/Koulujutut/Pelikehityksen perusteet/Peke2020/MyProject2/Saved/Config/Windows/Scalability.ini]
[2020.10.02-16.50.16:204][  0]LogConfig: Setting CVar [[r.PostProcessAAQuality:4]]
[2020.10.02-16.50.16:204][  0]LogConfig: Applying CVar settings from Section [ShadowQuality@3] File [C:/Users/roosa/OneDrive/Työpöytä/Koulujutut/Pelikehityksen perusteet/Peke2020/MyProject2/Saved/Config/Windows/Scalability.ini]
[2020.10.02-16.50.16:204][  0]LogConfig: Setting CVar [[r.LightFunctionQuality:1]]
[2020.10.02-16.50.16:204][  0]LogConfig: Setting CVar [[r.ShadowQuality:5]]
[2020.10.02-16.50.16:204][  0]LogConfig: Setting CVar [[r.Shadow.CSM.MaxCascades:10]]
[2020.10.02-16.50.16:204][  0]LogConfig: Setting CVar [[r.Shadow.MaxResolution:2048]]
[2020.10.02-16.50.16:204][  0]LogConfig: Setting CVar [[r.Shadow.MaxCSMResolution:2048]]
[2020.10.02-16.50.16:204][  0]LogConfig: Setting CVar [[r.Shadow.RadiusThreshold:0.01]]
[2020.10.02-16.50.16:204][  0]LogConfig: Setting CVar [[r.Shadow.DistanceScale:1.0]]
[2020.10.02-16.50.16:204][  0]LogConfig: Setting CVar [[r.Shadow.CSM.TransitionScale:1.0]]
[2020.10.02-16.50.16:204][  0]LogConfig: Setting CVar [[r.Shadow.PreShadowResolutionFactor:1.0]]
[2020.10.02-16.50.16:204][  0]LogConfig: Setting CVar [[r.DistanceFieldShadowing:1]]
[2020.10.02-16.50.16:204][  0]LogConfig: Setting CVar [[r.DistanceFieldAO:1]]
[2020.10.02-16.50.16:204][  0]LogConfig: Setting CVar [[r.AOQuality:2]]
[2020.10.02-16.50.16:204][  0]LogConfig: Setting CVar [[r.VolumetricFog:1]]
[2020.10.02-16.50.16:204][  0]LogConfig: Setting CVar [[r.VolumetricFog.GridPixelSize:8]]
[2020.10.02-16.50.16:204][  0]LogConfig: Setting CVar [[r.VolumetricFog.GridSizeZ:128]]
[2020.10.02-16.50.16:204][  0]LogConfig: Setting CVar [[r.VolumetricFog.HistoryMissSupersampleCount:4]]
[2020.10.02-16.50.16:204][  0]LogConfig: Setting CVar [[r.LightMaxDrawDistanceScale:1]]
[2020.10.02-16.50.16:204][  0]LogConfig: Setting CVar [[r.CapsuleShadows:1]]
[2020.10.02-16.50.16:204][  0]LogConfig: Applying CVar settings from Section [PostProcessQuality@3] File [C:/Users/roosa/OneDrive/Työpöytä/Koulujutut/Pelikehityksen perusteet/Peke2020/MyProject2/Saved/Config/Windows/Scalability.ini]
[2020.10.02-16.50.16:204][  0]LogConfig: Setting CVar [[r.MotionBlurQuality:4]]
[2020.10.02-16.50.16:204][  0]LogConfig: Setting CVar [[r.AmbientOcclusionMipLevelFactor:0.4]]
[2020.10.02-16.50.16:204][  0]LogConfig: Setting CVar [[r.AmbientOcclusionMaxQuality:100]]
[2020.10.02-16.50.16:204][  0]LogConfig: Setting CVar [[r.AmbientOcclusionLevels:-1]]
[2020.10.02-16.50.16:204][  0]LogConfig: Setting CVar [[r.AmbientOcclusionRadiusScale:1.0]]
[2020.10.02-16.50.16:204][  0]LogConfig: Setting CVar [[r.DepthOfFieldQuality:2]]
[2020.10.02-16.50.16:204][  0]LogConfig: Setting CVar [[r.RenderTargetPoolMin:400]]
[2020.10.02-16.50.16:204][  0]LogConfig: Setting CVar [[r.LensFlareQuality:2]]
[2020.10.02-16.50.16:204][  0]LogConfig: Setting CVar [[r.SceneColorFringeQuality:1]]
[2020.10.02-16.50.16:204][  0]LogConfig: Setting CVar [[r.EyeAdaptationQuality:2]]
[2020.10.02-16.50.16:204][  0]LogConfig: Setting CVar [[r.BloomQuality:5]]
[2020.10.02-16.50.16:204][  0]LogConfig: Setting CVar [[r.FastBlurThreshold:100]]
[2020.10.02-16.50.16:204][  0]LogConfig: Setting CVar [[r.Upscale.Quality:3]]
[2020.10.02-16.50.16:204][  0]LogConfig: Setting CVar [[r.Tonemapper.GrainQuantization:1]]
[2020.10.02-16.50.16:204][  0]LogConfig: Setting CVar [[r.LightShaftQuality:1]]
[2020.10.02-16.50.16:204][  0]LogConfig: Setting CVar [[r.Filter.SizeScale:1]]
[2020.10.02-16.50.16:204][  0]LogConfig: Setting CVar [[r.Tonemapper.Quality:5]]
[2020.10.02-16.50.16:204][  0]LogConfig: Setting CVar [[r.DOF.Gather.AccumulatorQuality:1        ; higher gathering accumulator quality]]
[2020.10.02-16.50.16:204][  0]LogConfig: Setting CVar [[r.DOF.Gather.PostfilterMethod:1          ; Median3x3 postfilering method]]
[2020.10.02-16.50.16:204][  0]LogConfig: Setting CVar [[r.DOF.Gather.EnableBokehSettings:0       ; no bokeh simulation when gathering]]
[2020.10.02-16.50.16:204][  0]LogConfig: Setting CVar [[r.DOF.Gather.RingCount:4                 ; medium number of samples when gathering]]
[2020.10.02-16.50.16:204][  0]LogConfig: Setting CVar [[r.DOF.Scatter.ForegroundCompositing:1    ; additive foreground scattering]]
[2020.10.02-16.50.16:204][  0]LogConfig: Setting CVar [[r.DOF.Scatter.BackgroundCompositing:2    ; additive background scattering]]
[2020.10.02-16.50.16:204][  0]LogConfig: Setting CVar [[r.DOF.Scatter.EnableBokehSettings:1      ; bokeh simulation when scattering]]
[2020.10.02-16.50.16:204][  0]LogConfig: Setting CVar [[r.DOF.Scatter.MaxSpriteRatio:0.1         ; only a maximum of 10% of scattered bokeh]]
[2020.10.02-16.50.16:204][  0]LogConfig: Setting CVar [[r.DOF.Recombine.Quality:1                ; cheap slight out of focus]]
[2020.10.02-16.50.16:204][  0]LogConfig: Setting CVar [[r.DOF.Recombine.EnableBokehSettings:0    ; no bokeh simulation on slight out of focus]]
[2020.10.02-16.50.16:204][  0]LogConfig: Setting CVar [[r.DOF.TemporalAAQuality:1                ; more stable temporal accumulation]]
[2020.10.02-16.50.16:205][  0]LogConfig: Setting CVar [[r.DOF.Kernel.MaxForegroundRadius:0.025]]
[2020.10.02-16.50.16:205][  0]LogConfig: Setting CVar [[r.DOF.Kernel.MaxBackgroundRadius:0.025]]
[2020.10.02-16.50.16:205][  0]LogConfig: Applying CVar settings from Section [TextureQuality@3] File [C:/Users/roosa/OneDrive/Työpöytä/Koulujutut/Pelikehityksen perusteet/Peke2020/MyProject2/Saved/Config/Windows/Scalability.ini]
[2020.10.02-16.50.16:205][  0]LogConfig: Setting CVar [[r.Streaming.MipBias:0]]
[2020.10.02-16.50.16:205][  0]LogConfig: Setting CVar [[r.Streaming.AmortizeCPUToGPUCopy:0]]
[2020.10.02-16.50.16:205][  0]LogConfig: Setting CVar [[r.Streaming.MaxNumTexturesToStreamPerFrame:0]]
[2020.10.02-16.50.16:205][  0]LogConfig: Setting CVar [[r.Streaming.Boost:1]]
[2020.10.02-16.50.16:205][  0]LogConfig: Setting CVar [[r.MaxAnisotropy:8]]
[2020.10.02-16.50.16:205][  0]LogConfig: Setting CVar [[r.VT.MaxAnisotropy:8]]
[2020.10.02-16.50.16:205][  0]LogConfig: Setting CVar [[r.Streaming.LimitPoolSizeToVRAM:0]]
[2020.10.02-16.50.16:205][  0]LogConfig: Setting CVar [[r.Streaming.PoolSize:1000]]
[2020.10.02-16.50.16:205][  0]LogConfig: Setting CVar [[r.Streaming.MaxEffectiveScreenSize:0]]
[2020.10.02-16.50.16:205][  0]LogConfig: Applying CVar settings from Section [EffectsQuality@3] File [C:/Users/roosa/OneDrive/Työpöytä/Koulujutut/Pelikehityksen perusteet/Peke2020/MyProject2/Saved/Config/Windows/Scalability.ini]
[2020.10.02-16.50.16:205][  0]LogConfig: Setting CVar [[r.TranslucencyLightingVolumeDim:64]]
[2020.10.02-16.50.16:205][  0]LogConfig: Setting CVar [[r.RefractionQuality:2]]
[2020.10.02-16.50.16:205][  0]LogConfig: Setting CVar [[r.SSR.Quality:3]]
[2020.10.02-16.50.16:205][  0]LogConfig: Setting CVar [[r.SSR.HalfResSceneColor:0]]
[2020.10.02-16.50.16:205][  0]LogConfig: Setting CVar [[r.SceneColorFormat:4]]
[2020.10.02-16.50.16:205][  0]LogConfig: Setting CVar [[r.DetailMode:2]]
[2020.10.02-16.50.16:205][  0]LogConfig: Setting CVar [[r.TranslucencyVolumeBlur:1]]
[2020.10.02-16.50.16:205][  0]LogConfig: Setting CVar [[r.MaterialQualityLevel:1 ; High quality]]
[2020.10.02-16.50.16:205][  0]LogConfig: Setting CVar [[r.SSS.Scale:1]]
[2020.10.02-16.50.16:205][  0]LogConfig: Setting CVar [[r.SSS.SampleSet:2]]
[2020.10.02-16.50.16:205][  0]LogConfig: Setting CVar [[r.SSS.Quality:1]]
[2020.10.02-16.50.16:205][  0]LogConfig: Setting CVar [[r.SSS.HalfRes:0]]
[2020.10.02-16.50.16:205][  0]LogConfig: Setting CVar [[r.SSGI.Quality:3]]
[2020.10.02-16.50.16:205][  0]LogConfig: Setting CVar [[r.EmitterSpawnRateScale:1.0]]
[2020.10.02-16.50.16:205][  0]LogConfig: Setting CVar [[r.ParticleLightQuality:2]]
[2020.10.02-16.50.16:205][  0]LogConfig: Setting CVar [[r.SkyAtmosphere.AerialPerspectiveLUT.FastApplyOnOpaque:1 ; Always have FastSkyLUT 1 in this case to avoid wrong sky]]
[2020.10.02-16.50.16:205][  0]LogConfig: Setting CVar [[r.SkyAtmosphere.AerialPerspectiveLUT.SampleCountPerSlice:1]]
[2020.10.02-16.50.16:205][  0]LogConfig: Setting CVar [[r.SkyAtmosphere.AerialPerspectiveLUT.DepthResolution:16.0]]
[2020.10.02-16.50.16:205][  0]LogConfig: Setting CVar [[r.SkyAtmosphere.FastSkyLUT:1]]
[2020.10.02-16.50.16:205][  0]LogConfig: Setting CVar [[r.SkyAtmosphere.FastSkyLUT.SampleCountMin:4.0]]
[2020.10.02-16.50.16:205][  0]LogConfig: Setting CVar [[r.SkyAtmosphere.FastSkyLUT.SampleCountMax:32.0]]
[2020.10.02-16.50.16:205][  0]LogConfig: Setting CVar [[r.SkyAtmosphere.SampleCountMin:4.0]]
[2020.10.02-16.50.16:205][  0]LogConfig: Setting CVar [[r.SkyAtmosphere.SampleCountMax:32.0]]
[2020.10.02-16.50.16:205][  0]LogConfig: Setting CVar [[r.SkyAtmosphere.TransmittanceLUT.UseSmallFormat:0]]
[2020.10.02-16.50.16:205][  0]LogConfig: Setting CVar [[r.SkyAtmosphere.TransmittanceLUT.SampleCount:10.0]]
[2020.10.02-16.50.16:205][  0]LogConfig: Setting CVar [[r.SkyAtmosphere.MultiScatteringLUT.SampleCount:15.0]]
[2020.10.02-16.50.16:205][  0]LogConfig: Applying CVar settings from Section [FoliageQuality@3] File [C:/Users/roosa/OneDrive/Työpöytä/Koulujutut/Pelikehityksen perusteet/Peke2020/MyProject2/Saved/Config/Windows/Scalability.ini]
[2020.10.02-16.50.16:205][  0]LogConfig: Setting CVar [[foliage.DensityScale:1.0]]
[2020.10.02-16.50.16:205][  0]LogConfig: Setting CVar [[grass.DensityScale:1.0]]
[2020.10.02-16.50.16:205][  0]LogConfig: Applying CVar settings from Section [ShadingQuality@3] File [C:/Users/roosa/OneDrive/Työpöytä/Koulujutut/Pelikehityksen perusteet/Peke2020/MyProject2/Saved/Config/Windows/Scalability.ini]
[2020.10.02-16.50.16:205][  0]LogConfig: Setting CVar [[r.HairStrands.SkyLighting.SampleCount:16]]
[2020.10.02-16.50.16:205][  0]LogConfig: Setting CVar [[r.HairStrands.SkyLighting.JitterIntegration:0]]
[2020.10.02-16.50.16:205][  0]LogConfig: Setting CVar [[r.HairStrands.SkyAO.SampleCount:16]]
[2020.10.02-16.50.16:205][  0]LogConfig: Setting CVar [[r.HairStrands.DeepShadow.SuperSampling:0]]
[2020.10.02-16.50.16:205][  0]LogConfig: Setting CVar [[r.HairStrands.VisibilityPPLL:0]]
[2020.10.02-16.50.16:205][  0]LogConfig: Setting CVar [[r.HairStrands.RasterizationScale:0.5]]
[2020.10.02-16.50.16:205][  0]LogConfig: Setting CVar [[r.HairStrands.VelocityRasterizationScale:1]]
[2020.10.02-16.50.16:205][  0]LogConfig: Applying CVar settings from Section [Startup] File [../../../Engine/Config/ConsoleVariables.ini]
[2020.10.02-16.50.16:205][  0]LogConfig: Setting CVar [[net.UseAdaptiveNetUpdateFrequency:0]]
[2020.10.02-16.50.16:205][  0]LogConfig: Setting CVar [[p.chaos.AllowCreatePhysxBodies:1]]
[2020.10.02-16.50.16:205][  0]LogConfig: Setting CVar [[fx.SkipVectorVMBackendOptimizations:1]]
[2020.10.02-16.50.16:205][  0]LogConfig: Applying CVar settings from Section [ConsoleVariables] File [C:/Users/roosa/OneDrive/Työpöytä/Koulujutut/Pelikehityksen perusteet/Peke2020/MyProject2/Saved/Config/Windows/Engine.ini]
[2020.10.02-16.50.16:205][  0]LogInit: Computer: DESKTOP-V2J5M5V
[2020.10.02-16.50.16:205][  0]LogInit: User: roosa
[2020.10.02-16.50.16:205][  0]LogInit: CPU Page size=4096, Cores=6
[2020.10.02-16.50.16:205][  0]LogInit: High frequency timer resolution =10.000000 MHz
[2020.10.02-16.50.16:205][  0]LogMemory: Memory total: Physical=15.9GB (16GB approx)
[2020.10.02-16.50.16:205][  0]LogMemory: Platform Memory Stats for Windows
[2020.10.02-16.50.16:205][  0]LogMemory: Process Physical Memory: 116.18 MB used, 116.18 MB peak
[2020.10.02-16.50.16:205][  0]LogMemory: Process Virtual Memory: 96.98 MB used, 96.98 MB peak
[2020.10.02-16.50.16:205][  0]LogMemory: Physical Memory: 4603.87 MB used,  11728.68 MB free, 16332.55 MB total
[2020.10.02-16.50.16:205][  0]LogMemory: Virtual Memory: 5166.59 MB used,  134212560.00 MB free, 134217728.00 MB total
[2020.10.02-16.50.16:210][  0]LogWindows: WindowsPlatformFeatures enabled
[2020.10.02-16.50.16:230][  0]LogInit: Physics initialised using underlying interface: PhysX
[2020.10.02-16.50.16:231][  0]LogInit: Using OS detected language (fi-FI).
[2020.10.02-16.50.16:231][  0]LogInit: Using OS detected locale (fi-FI).
[2020.10.02-16.50.16:232][  0]LogTextLocalizationManager: No localization for 'fi-FI' exists, so 'en' will be used for the language.
[2020.10.02-16.50.16:375][  0]LogInit: Setting process to per monitor DPI aware
[2020.10.02-16.50.16:402][  0]LogSlate: New Slate User Created.  User Index 0, Is Virtual User: 0
[2020.10.02-16.50.16:402][  0]LogSlate: Slate User Registered.  User Index 0, Is Virtual User: 0
[2020.10.02-16.50.16:498][  0]LogHMD: Failed to initialize OpenVR with code 110
[2020.10.02-16.50.16:498][  0]LogD3D11RHI: D3D11 min allowed feature level: 11_0
[2020.10.02-16.50.16:498][  0]LogD3D11RHI: D3D11 max allowed feature level: 11_0
[2020.10.02-16.50.16:498][  0]LogD3D11RHI: D3D11 adapters:
[2020.10.02-16.50.16:565][  0]LogD3D11RHI:    0. 'NVIDIA GeForce GTX 660 Ti' (Feature Level 11_0)
[2020.10.02-16.50.16:565][  0]LogD3D11RHI:       1998/0/8166 MB DedicatedVideo/DedicatedSystem/SharedSystem, Outputs:2, VendorId:0x10de
[2020.10.02-16.50.16:567][  0]LogD3D11RHI:    1. 'Microsoft Basic Render Driver' (Feature Level 11_0)
[2020.10.02-16.50.16:567][  0]LogD3D11RHI:       0/0/8166 MB DedicatedVideo/DedicatedSystem/SharedSystem, Outputs:0, VendorId:0x1414
[2020.10.02-16.50.16:567][  0]LogD3D11RHI: Chosen D3D11 Adapter: 0
[2020.10.02-16.50.16:573][  0]LogD3D11RHI: Creating new Direct3DDevice
[2020.10.02-16.50.16:573][  0]LogD3D11RHI:     GPU DeviceId: 0x1183 (for the marketing name, search the web for "GPU Device Id")
[2020.10.02-16.50.16:573][  0]LogWindows: EnumDisplayDevices:
[2020.10.02-16.50.16:573][  0]LogWindows:    0. 'NVIDIA GeForce GTX 660 Ti' (P:1 D:1)
[2020.10.02-16.50.16:573][  0]LogWindows:    1. 'NVIDIA GeForce GTX 660 Ti' (P:0 D:1)
[2020.10.02-16.50.16:573][  0]LogWindows:    2. 'NVIDIA GeForce GTX 660 Ti' (P:0 D:0)
[2020.10.02-16.50.16:573][  0]LogWindows:    3. 'NVIDIA GeForce GTX 660 Ti' (P:0 D:0)
[2020.10.02-16.50.16:574][  0]LogWindows: DebugString: FoundDriverCount:4 
[2020.10.02-16.50.16:574][  0]LogD3D11RHI:     Adapter Name: NVIDIA GeForce GTX 660 Ti
[2020.10.02-16.50.16:574][  0]LogD3D11RHI:   Driver Version: 432.00 (internal:26.21.14.3200, unified:432.00)
[2020.10.02-16.50.16:574][  0]LogD3D11RHI:      Driver Date: 7-24-2019
[2020.10.02-16.50.16:574][  0]LogRHI: Texture pool is 1398 MB (70% of 1998 MB)
[2020.10.02-16.50.16:622][  0]LogD3D11RHI: RHI does not have support for 64 bit atomics
[2020.10.02-16.50.16:622][  0]LogD3D11RHI: [Aftermath] Enabled and primed
[2020.10.02-16.50.16:622][  0]LogD3D11RHI: Async texture creation enabled
[2020.10.02-16.50.16:693][  0]LogD3D11RHI: GPU Timing Frequency: 1000.000000 (Debug: 2 2)
[2020.10.02-16.50.16:899][  0]LogTargetPlatformManager: Display: Loaded TargetPlatform 'AllDesktop'
[2020.10.02-16.50.16:918][  0]LogTargetPlatformManager: Display: Loaded TargetPlatform 'Android'
[2020.10.02-16.50.16:918][  0]LogTargetPlatformManager: Display: Loaded TargetPlatform 'Android_ASTC'
[2020.10.02-16.50.16:918][  0]LogTargetPlatformManager: Display: Loaded TargetPlatform 'Android_DXT'
[2020.10.02-16.50.16:918][  0]LogTargetPlatformManager: Display: Loaded TargetPlatform 'Android_ETC2'
[2020.10.02-16.50.16:918][  0]LogTargetPlatformManager: Display: Loaded TargetPlatform 'AndroidClient'
[2020.10.02-16.50.16:918][  0]LogTargetPlatformManager: Display: Loaded TargetPlatform 'Android_ASTCClient'
[2020.10.02-16.50.16:918][  0]LogTargetPlatformManager: Display: Loaded TargetPlatform 'Android_DXTClient'
[2020.10.02-16.50.16:918][  0]LogTargetPlatformManager: Display: Loaded TargetPlatform 'Android_ETC2Client'
[2020.10.02-16.50.16:918][  0]LogTargetPlatformManager: Display: Loaded TargetPlatform 'Android_Multi'
[2020.10.02-16.50.16:918][  0]LogTargetPlatformManager: Display: Loaded TargetPlatform 'Android_MultiClient'
[2020.10.02-16.50.16:938][  0]LogTargetPlatformManager: Display: Loaded TargetPlatform 'IOSClient'
[2020.10.02-16.50.16:938][  0]LogTargetPlatformManager: Display: Loaded TargetPlatform 'IOS'
[2020.10.02-16.50.16:947][  0]LogTargetPlatformManager: Display: Loaded TargetPlatform 'Linux'
[2020.10.02-16.50.16:955][  0]LogTargetPlatformManager: Display: Loaded TargetPlatform 'LinuxNoEditor'
[2020.10.02-16.50.16:963][  0]LogTargetPlatformManager: Display: Loaded TargetPlatform 'LinuxClient'
[2020.10.02-16.50.16:970][  0]LogTargetPlatformManager: Display: Loaded TargetPlatform 'LinuxServer'
[2020.10.02-16.50.16:978][  0]LogTargetPlatformManager: Display: Loaded TargetPlatform 'LinuxAArch64NoEditor'
[2020.10.02-16.50.16:985][  0]LogTargetPlatformManager: Display: Loaded TargetPlatform 'LinuxAArch64Client'
[2020.10.02-16.50.16:993][  0]LogTargetPlatformManager: Display: Loaded TargetPlatform 'LinuxAArch64Server'
[2020.10.02-16.50.17:016][  0]LogTargetPlatformManager: Display: Loaded TargetPlatform 'Lumin'
[2020.10.02-16.50.17:016][  0]LogTargetPlatformManager: Display: Loaded TargetPlatform 'LuminClient'
[2020.10.02-16.50.17:030][  0]LogTargetPlatformManager: Display: Loaded TargetPlatform 'TVOSClient'
[2020.10.02-16.50.17:030][  0]LogTargetPlatformManager: Display: Loaded TargetPlatform 'TVOS'
[2020.10.02-16.50.17:039][  0]LogTargetPlatformManager: Display: Loaded TargetPlatform 'WindowsNoEditor'
[2020.10.02-16.50.17:047][  0]LogTargetPlatformManager: Display: Loaded TargetPlatform 'Windows'
[2020.10.02-16.50.17:054][  0]LogTargetPlatformManager: Display: Loaded TargetPlatform 'WindowsClient'
[2020.10.02-16.50.17:062][  0]LogTargetPlatformManager: Display: Loaded TargetPlatform 'WindowsServer'
[2020.10.02-16.50.17:062][  0]LogTargetPlatformManager: Display: Building Assets For Windows
[2020.10.02-16.50.17:068][  0]LogAudioDebug: Display: Lib vorbis DLL was dynamically loaded.
[2020.10.02-16.50.17:111][  0]LogShaderCompilers: Guid format shader working directory is -42 characters bigger than the processId version (C:/Users/roosa/OneDrive/Työpöytä/Koulujutut/Pelikehityksen perusteet/Peke2020/MyProject2/Intermediate/Shaders/WorkingDirectory/6140/).
[2020.10.02-16.50.17:111][  0]LogShaderCompilers: Cleaned the shader compiler working directory 'C:/Users/roosa/AppData/Local/Temp/UnrealShaderWorkingDir/1C63559A4E101F24DC8582821FC36FE2/'.
[2020.10.02-16.50.17:111][  0]LogXGEController: Cannot use XGE Controller as Incredibuild is not installed on this machine.
[2020.10.02-16.50.17:111][  0]LogShaderCompilers: Cannot use XGE Shader Compiler as Incredibuild is not installed on this machine.
[2020.10.02-16.50.17:111][  0]LogShaderCompilers: Display: Using Local Shader Compiler.
[2020.10.02-16.50.17:746][  0]LogDerivedDataCache: Display: Max Cache Size: 512 MB
[2020.10.02-16.50.17:793][  0]LogDerivedDataCache: Loaded boot cache 0.05s 76MB C:/Users/roosa/AppData/Local/UnrealEngine/4.25/DerivedDataCache/Boot.ddc.
[2020.10.02-16.50.17:793][  0]LogDerivedDataCache: Display: Loaded Boot cache: C:/Users/roosa/AppData/Local/UnrealEngine/4.25/DerivedDataCache/Boot.ddc
[2020.10.02-16.50.17:793][  0]LogDerivedDataCache: FDerivedDataBackendGraph:  Pak pak cache file C:/Users/roosa/OneDrive/Työpöytä/Koulujutut/Pelikehityksen perusteet/Peke2020/MyProject2/DerivedDataCache/DDC.ddp not found, will not use a pak cache.
[2020.10.02-16.50.17:793][  0]LogDerivedDataCache: Unable to find inner node Pak for hierarchical cache Hierarchy.
[2020.10.02-16.50.17:793][  0]LogDerivedDataCache: FDerivedDataBackendGraph:  CompressedPak pak cache file C:/Users/roosa/OneDrive/Työpöytä/Koulujutut/Pelikehityksen perusteet/Peke2020/MyProject2/DerivedDataCache/Compressed.ddp not found, will not use a pak cache.
[2020.10.02-16.50.17:793][  0]LogDerivedDataCache: Unable to find inner node CompressedPak for hierarchical cache Hierarchy.
[2020.10.02-16.50.17:803][  0]LogDerivedDataCache: Display: Pak cache opened for reading ../../../Engine/DerivedDataCache/Compressed.ddp.
[2020.10.02-16.50.17:803][  0]LogDerivedDataCache: FDerivedDataBackendGraph:  EnterprisePak pak cache file ../../../Enterprise/DerivedDataCache/Compressed.ddp not found, will not use a pak cache.
[2020.10.02-16.50.17:803][  0]LogDerivedDataCache: Unable to find inner node EnterprisePak for hierarchical cache Hierarchy.
[2020.10.02-16.50.17:804][  0]LogDerivedDataCache: Using Local data cache path C:/Users/roosa/AppData/Local/UnrealEngine/Common/DerivedDataCache: Writable
[2020.10.02-16.50.17:804][  0]LogDerivedDataCache: Shared data cache path not found in *engine.ini, will not use an Shared cache.
[2020.10.02-16.50.17:804][  0]LogDerivedDataCache: Unable to find inner node Shared for hierarchical cache Hierarchy.
[2020.10.02-16.50.17:848][  0]LogSlate: Using FreeType 2.10.0
[2020.10.02-16.50.17:848][  0]LogSlate: SlateFontServices - WITH_FREETYPE: 1, WITH_HARFBUZZ: 1
[2020.10.02-16.50.17:867][  0]LogAssetRegistry: FAssetRegistry took 0.0025 seconds to start up
[2020.10.02-16.50.18:066][  0]LogInit: Selected Device Profile: [Windows]
[2020.10.02-16.50.18:152][  0]LogMeshReduction: Using QuadricMeshReduction for automatic static mesh reduction
[2020.10.02-16.50.18:152][  0]LogMeshReduction: Using SimplygonMeshReduction for automatic skeletal mesh reduction
[2020.10.02-16.50.18:152][  0]LogMeshReduction: Using ProxyLODMeshReduction for automatic mesh merging
[2020.10.02-16.50.18:152][  0]LogMeshReduction: No distributed automatic mesh merging module available
[2020.10.02-16.50.18:152][  0]LogMeshMerging: No distributed automatic mesh merging module available
[2020.10.02-16.50.18:164][  0]LogNetVersion: MyProject2 1.0.0, NetCL: 13144385, EngineNetVer: 14, GameNetVer: 0 (Checksum: 2431794755)
[2020.10.02-16.50.18:478][  0]LogAISub: UAISubsystem::UAISubsystem AISubsystem (000001C009735BC0), frame # 0
[2020.10.02-16.50.18:478][  0]LogAISub: UAISubsystem::UAISubsystem AIPerceptionSystem (000001C0096C0540), frame # 0
[2020.10.02-16.50.18:479][  0]LogAISub: UAISubsystem::UAISubsystem EnvQueryManager (000001C0096F4A00), frame # 0
[2020.10.02-16.50.18:525][  0]LogPackageLocalizationCache: Processed 19 localized package path(s) for 1 prioritized culture(s) in 0.040306 seconds
[2020.10.02-16.50.18:529][  0]LogUObjectArray: 15917 objects as part of root set at end of initial load.
[2020.10.02-16.50.18:529][  0]LogUObjectAllocator: 3965568 out of 0 bytes used by permanent object pool.
[2020.10.02-16.50.18:529][  0]LogUObjectArray: CloseDisregardForGC: 0/0 objects in disregard for GC pool
[2020.10.02-16.50.18:785][  0]LogTcpMessaging: Initializing TcpMessaging bridge
[2020.10.02-16.50.18:788][  0]LogUdpMessaging: Initializing bridge on interface 0.0.0.0:0 to multicast group 230.0.0.1:6666.
[2020.10.02-16.50.18:853][  0]SourceControl: Source control is disabled
[2020.10.02-16.50.18:854][  0]SourceControl: Source control is disabled
[2020.10.02-16.50.18:856][  0]SourceControl: Source control is disabled
[2020.10.02-16.50.18:858][  0]SourceControl: Source control is disabled
[2020.10.02-16.50.18:863][  0]SourceControl: Source control is disabled
[2020.10.02-16.50.19:042][  0]LogAndroidPermission: UAndroidPermissionCallbackProxy::GetInstance
[2020.10.02-16.50.19:058][  0]LogAudioCaptureCore: Display: No Audio Capture implementations found. Audio input will be silent.
[2020.10.02-16.50.19:058][  0]LogAudioCaptureCore: Display: No Audio Capture implementations found. Audio input will be silent.
[2020.10.02-16.50.19:096][  0]LogOcInput: OculusInput pre-init called
[2020.10.02-16.50.19:104][  0]LogWindows: Failed to load 'OVRPlugin.dll' (GetLastError=126)
[2020.10.02-16.50.19:104][  0]LogWindows: File 'OVRPlugin.dll' does not exist
[2020.10.02-16.50.19:157][  0]LogEngine: Initializing Engine...
[2020.10.02-16.50.19:158][  0]LogHMD: Failed to initialize OpenVR with code 110
[2020.10.02-16.50.19:159][  0]LogMagicLeap: Warning: VR disabled because ZI is not enabled.  To enable, in the editor, Edit -> Project Settings -> Plugins -> Magic Leap Plugin -> Enable Zero Iteration
[2020.10.02-16.50.19:159][  0]LogStats: UGameplayTagsManager::InitializeManager -  0.000 s
[2020.10.02-16.50.19:244][  0]LogInit: Initializing FReadOnlyCVARCache
[2020.10.02-16.50.19:250][  0]LogAIModule: Creating AISystem for world Untitled
[2020.10.02-16.50.19:250][  0]LogAISub: UAISubsystem::UAISubsystem EnvQueryManager (000001C00BE69C00), frame # 0
[2020.10.02-16.50.19:250][  0]LogAISub: UAISubsystem::UAISubsystem AIPerceptionSystem (000001C00BE7A200), frame # 0
[2020.10.02-16.50.19:260][  0]LogAudioMixer: Display: Audio Mixer Platform Settings:
[2020.10.02-16.50.19:260][  0]LogAudioMixer: Display: 	Sample Rate:						  48000
[2020.10.02-16.50.19:260][  0]LogAudioMixer: Display: 	Callback Buffer Frame Size Requested: 1024
[2020.10.02-16.50.19:260][  0]LogAudioMixer: Display: 	Callback Buffer Frame Size To Use:	  1024
[2020.10.02-16.50.19:260][  0]LogAudioMixer: Display: 	Number of buffers to queue:			  2
[2020.10.02-16.50.19:260][  0]LogAudioMixer: Display: 	Max Channels (voices):				  32
[2020.10.02-16.50.19:260][  0]LogAudioMixer: Display: 	Number of Async Source Workers:		  0
[2020.10.02-16.50.19:260][  0]LogAudio: Display: AudioDevice MaxSources: 32
[2020.10.02-16.50.19:260][  0]LogAudio: Display: Using built-in audio occlusion.
[2020.10.02-16.50.19:260][  0]LogAudioMixer: Display: Initializing audio mixer.
[2020.10.02-16.50.19:267][  0]LogAudioMixer: Display: 0: FrontLeft
[2020.10.02-16.50.19:267][  0]LogAudioMixer: Display: 1: FrontRight
[2020.10.02-16.50.19:305][  0]LogAudioMixer: Display: Using Audio Device Kaiuttimet (Realtek(R) Audio)
[2020.10.02-16.50.19:307][  0]LogAudioMixer: Display: Initializing Sound Submixes...
[2020.10.02-16.50.19:309][  0]LogAudioMixer: Display: Creating Master Submix 'MasterSubmixDefault'
[2020.10.02-16.50.19:309][  0]LogAudioMixer: Display: Creating Master Submix 'MasterReverbSubmixDefault'
[2020.10.02-16.50.19:310][  0]LogAudioMixer: Display: Creating Master Submix 'MasterEQSubmixDefault'
[2020.10.02-16.50.19:310][  0]LogInit: FAudioDevice initialized.
[2020.10.02-16.50.19:311][  0]LogNetVersion: Set ProjectVersion to 1.0.0.0. Version Checksum will be recalculated on next use.
[2020.10.02-16.50.19:494][  0]LogDerivedDataCache: Saved boot cache 0.18s 76MB C:/Users/roosa/AppData/Local/UnrealEngine/4.25/DerivedDataCache/Boot.ddc.
[2020.10.02-16.50.19:498][  0]LogInit: Texture streaming: Enabled
[2020.10.02-16.50.19:511][  0]LogEngineSessionManager: EngineSessionManager initialized
[2020.10.02-16.50.19:511][  0]LogEditorSessionSummary: Verbose: Initializing EditorSessionSummaryWriter for editor session tracking
[2020.10.02-16.50.19:512][  0]LogEditorSessionSummary: EditorSessionSummaryWriter initialized
[2020.10.02-16.50.19:559][  0]LogInit: Transaction tracking system initialized
[2020.10.02-16.50.19:576][  0]BlueprintLog: New page: Editor Load
[2020.10.02-16.50.19:633][  0]LocalizationService: Localization service is disabled
[2020.10.02-16.50.19:744][  0]LogCook: Display: Max memory allowance for cook 16384mb min free memory 0mb
[2020.10.02-16.50.19:744][  0]LogCook: Display: Mobile HDR setting 1
[2020.10.02-16.50.19:842][  0]LogFileCache: Scanning file cache for directory 'C:/Users/roosa/OneDrive/Työpöytä/Koulujutut/Pelikehityksen perusteet/Peke2020/MyProject2/Content/' took 0.00s
[2020.10.02-16.50.19:982][  0]SourceControl: Source control is disabled
[2020.10.02-16.50.19:982][  0]LogUnrealEdMisc: Loading editor; pre map load, took 4.695
[2020.10.02-16.50.19:982][  0]Cmd: MAP LOAD FILE="../../../Engine/Content/Maps/Templates/Template_Default.umap" TEMPLATE=1 SHOWPROGRESS=1 FEATURELEVEL=3
[2020.10.02-16.50.19:982][  0]LightingResults: New page: Lighting Build
[2020.10.02-16.50.19:983][  0]LogWorld: UWorld::CleanupWorld for Untitled, bSessionEnded=true, bCleanupResources=true
[2020.10.02-16.50.19:983][  0]LogSlate: InvalidateAllWidgets triggered.  All widgets were invalidated
[2020.10.02-16.50.19:983][  0]MapCheck: New page: Map Check
[2020.10.02-16.50.19:983][  0]LightingResults: New page: Lighting Build
[2020.10.02-16.50.19:993][  0]LogAISub: UAISubsystem::~UAISubsystem EnvQueryManager (000001C00BE69C00), frame # 0
[2020.10.02-16.50.19:993][  0]LogAISub: UAISubsystem::~UAISubsystem AIPerceptionSystem (000001C00BE7A200), frame # 0
[2020.10.02-16.50.19:994][  0]LogUObjectHash: Compacting FUObjectHashTables data took   0.70ms
[2020.10.02-16.50.20:045][  0]LogAIModule: Creating AISystem for world Untitled_1
[2020.10.02-16.50.20:045][  0]LogAISub: UAISubsystem::UAISubsystem EnvQueryManager (000001C000AAFE00), frame # 0
[2020.10.02-16.50.20:045][  0]LogAISub: UAISubsystem::UAISubsystem AIPerceptionSystem (000001C000C4E200), frame # 0
[2020.10.02-16.50.20:047][  0]LogEditorServer: Finished looking for orphan Actors (0.000 secs)
[2020.10.02-16.50.20:059][  0]LogUObjectHash: Compacting FUObjectHashTables data took   0.70ms
[2020.10.02-16.50.20:059][  0]Cmd: MAP CHECKDEP NOCLEARLOG
[2020.10.02-16.50.20:059][  0]MapCheck: Map check complete: 0 Error(s), 0 Warning(s), took 0,195ms to complete.
[2020.10.02-16.50.20:059][  0]LogFileHelpers: Loading map 'Template_Default' took 0.078
[2020.10.02-16.50.20:061][  0]LogUnrealEdMisc: Total Editor Startup Time, took 4.774
[2020.10.02-16.50.20:196][  0]LogSlate: Updating window title bar state: overlay mode, drag disabled, window buttons hidden, title bar hidden
[2020.10.02-16.50.20:201][  0]LogSlate: Updating window title bar state: overlay mode, drag disabled, window buttons hidden, title bar hidden
[2020.10.02-16.50.20:207][  0]LogSlate: Updating window title bar state: overlay mode, drag disabled, window buttons hidden, title bar hidden
[2020.10.02-16.50.20:212][  0]LogSlate: Updating window title bar state: overlay mode, drag disabled, window buttons hidden, title bar hidden
[2020.10.02-16.50.20:217][  0]LogCollectionManager: Loaded 0 collections in 0.000928 seconds
[2020.10.02-16.50.20:229][  0]LogFileCache: Scanning file cache for directory 'C:/Users/roosa/OneDrive/Työpöytä/Koulujutut/Pelikehityksen perusteet/Peke2020/MyProject2/Saved/Collections/' took 0.00s
[2020.10.02-16.50.20:229][  0]LogFileCache: Scanning file cache for directory 'C:/Users/roosa/OneDrive/Työpöytä/Koulujutut/Pelikehityksen perusteet/Peke2020/MyProject2/Content/Developers/roosa/Collections/' took 0.00s
[2020.10.02-16.50.20:229][  0]LogFileCache: Scanning file cache for directory 'C:/Users/roosa/OneDrive/Työpöytä/Koulujutut/Pelikehityksen perusteet/Peke2020/MyProject2/Content/Collections/' took 0.00s
[2020.10.02-16.50.20:229][  0]LogContentBrowser: Native class hierarchy populated in 0.0087 seconds. Added 3427 classes and 821 folders.
[2020.10.02-16.50.20:231][  0]LogContentBrowser: Native class hierarchy updated for 'WidgetCarousel' in 0.0002 seconds. Added 0 classes and 0 folders.
[2020.10.02-16.50.20:270][  0]LogContentBrowser: Native class hierarchy updated for 'AddContentDialog' in 0.0003 seconds. Added 0 classes and 0 folders.
[2020.10.02-16.50.20:271][  0]LogContentBrowser: Native class hierarchy updated for 'SceneOutliner' in 0.0002 seconds. Added 2 classes and 0 folders.
[2020.10.02-16.50.20:344][  0]LogSlate: Took 0.000216 seconds to synchronously load lazily loaded font '../../../Engine/Content/Slate/Fonts/Roboto-Regular.ttf' (155K)
[2020.10.02-16.50.20:346][  0]LogSlate: Took 0.000138 seconds to synchronously load lazily loaded font '../../../Engine/Content/Slate/Fonts/Roboto-Bold.ttf' (160K)
[2020.10.02-16.50.20:350][  0]LogSlate: Took 0.000139 seconds to synchronously load lazily loaded font '../../../Engine/Content/Editor/Slate/Fonts/FontAwesome.ttf' (139K)
[2020.10.02-16.50.20:401][  0]LogRenderer: Reallocating scene render targets to support 1208x572 Format 10 NumSamples 1 (Frame:1).
[2020.10.02-16.50.20:458][  0]LogContentBrowser: Native class hierarchy updated for 'HierarchicalLODOutliner' in 0.0003 seconds. Added 0 classes and 0 folders.
[2020.10.02-16.50.20:458][  0]LogLoad: (Engine Initialization) Total time: 5.17 seconds
[2020.10.02-16.50.20:458][  0]LogLoad: (Engine Initialization) Total Blueprint compile time: 0.00 seconds
[2020.10.02-16.50.20:493][  0]LogAssetRegistry: Asset discovery search completed in 2.6261 seconds
[2020.10.02-16.50.20:497][  0]LogCollectionManager: Fixed up redirectors for 0 collections in 0.000002 seconds (updated 0 objects)
[2020.10.02-16.50.20:498][  0]LogContentStreaming: Texture pool size now 1000 MB
[2020.10.02-16.50.20:526][  0]LogSlate: Took 0.000115 seconds to synchronously load lazily loaded font '../../../Engine/Content/Slate/Fonts/Roboto-Light.ttf' (167K)
[2020.10.02-16.50.44:850][256]LogSlate: Took 0.000118 seconds to synchronously load lazily loaded font '../../../Engine/Content/Slate/Fonts/Roboto-Light.ttf' (167K)
[2020.10.02-16.50.44:948][256]LogAssetEditorSubsystem: Opening Asset editor for World /Game/Levels/GameLevel.GameLevel
[2020.10.02-16.50.44:962][256]LogUObjectHash: Compacting FUObjectHashTables data took   0.87ms
[2020.10.02-16.50.44:965][256]Cmd: MAP LOAD FILE="C:/Users/roosa/OneDrive/Työpöytä/Koulujutut/Pelikehityksen perusteet/Peke2020/MyProject2/Content/Levels/GameLevel.umap" TEMPLATE=0 SHOWPROGRESS=1 FEATURELEVEL=3
[2020.10.02-16.50.44:965][256]LightingResults: New page: Lighting Build
[2020.10.02-16.50.44:965][256]LoadErrors: New page: Loading map: GameLevel.umap
[2020.10.02-16.50.44:994][256]LogWorld: UWorld::CleanupWorld for Untitled_1, bSessionEnded=true, bCleanupResources=true
[2020.10.02-16.50.44:994][256]LogSlate: InvalidateAllWidgets triggered.  All widgets were invalidated
[2020.10.02-16.50.44:994][256]MapCheck: New page: Map Check
[2020.10.02-16.50.44:994][256]LightingResults: New page: Lighting Build
[2020.10.02-16.50.45:004][256]LogAISub: UAISubsystem::~UAISubsystem EnvQueryManager (000001C000AAFE00), frame # 256
[2020.10.02-16.50.45:004][256]LogAISub: UAISubsystem::~UAISubsystem AIPerceptionSystem (000001C000C4E200), frame # 256
[2020.10.02-16.50.45:004][256]LogUObjectHash: Compacting FUObjectHashTables data took   0.77ms
[2020.10.02-16.50.45:059][256]LogEditorServer: Finished looking for orphan Actors (0.000 secs)
[2020.10.02-16.50.45:059][256]LogAIModule: Creating AISystem for world GameLevel
[2020.10.02-16.50.45:059][256]LogAISub: UAISubsystem::UAISubsystem EnvQueryManager (000001C012595400), frame # 256
[2020.10.02-16.50.45:059][256]LogAISub: UAISubsystem::UAISubsystem AIPerceptionSystem (000001C032D225C0), frame # 256
[2020.10.02-16.50.45:070][256]LogUObjectHash: Compacting FUObjectHashTables data took   0.56ms
[2020.10.02-16.50.45:101][256]Cmd: MAP CHECKDEP NOCLEARLOG
[2020.10.02-16.50.45:101][256]MapCheck: Map check complete: 0 Error(s), 0 Warning(s), took 0,161ms to complete.
[2020.10.02-16.50.45:101][256]LogFileHelpers: Loading map 'GameLevel' took 0.136
[2020.10.02-16.50.57:397][503]LogAssetEditorSubsystem: Opening Asset editor for LevelScriptBlueprint /Game/Levels/GameLevel.GameLevel:PersistentLevel.GameLevel
[2020.10.02-16.50.57:567][503]LogContentBrowser: Native class hierarchy updated for 'BlueprintGraph' in 0.0005 seconds. Added 125 classes and 0 folders.
[2020.10.02-16.50.58:221][503]LogSlate: Took 0.000131 seconds to synchronously load lazily loaded font '../../../Engine/Content/Slate/Fonts/Roboto-BoldCondensed.ttf' (158K)
[2020.10.02-16.50.58:247][504]LogSlate: Took 0.000232 seconds to synchronously load lazily loaded font '../../../Engine/Content/Slate/Fonts/Roboto-Italic.ttf' (157K)
[2020.10.02-16.53.43:100][  2]BlueprintLog: New page: Compile GameLevel
[2020.10.02-16.53.43:128][  2]LogUObjectHash: Compacting FUObjectHashTables data took   2.09ms
[2020.10.02-16.53.43:178][  2]LogSlate: Took 0.021060 seconds to synchronously load lazily loaded font '../../../Engine/Content/Slate/Fonts/DroidSansMono.ttf' (77K)
[2020.10.02-16.53.49:316][719]LogUObjectHash: Compacting FUObjectHashTables data took   1.73ms
[2020.10.02-16.53.49:424][719]LogSavePackage: Moving 'C:/Users/roosa/OneDrive/Työpöytä/Koulujutut/Pelikehityksen perusteet/Peke2020/MyProject2/Saved/GameLevel1AD9B52440B9D81AA99AD19DEF2D6B32.tmp' to 'C:/Users/roosa/OneDrive/Työpöytä/Koulujutut/Pelikehityksen perusteet/Peke2020/MyProject2/Content/Levels/GameLevel.umap'
[2020.10.02-16.53.49:472][719]LogFileHelpers: Saving map 'GameLevel' took 0.189
[2020.10.02-16.53.49:483][719]AssetCheck: New page: Asset Save: GameLevel
[2020.10.02-16.53.49:483][719]LogContentValidation: Display: Validating World /Game/Levels/GameLevel.GameLevel
[2020.10.02-16.54.31:834][593]LogAssetEditorSubsystem: Opening Asset editor for WidgetBlueprint /Game/Blueprints/GameLevelGUI.GameLevelGUI
[2020.10.02-16.54.34:791][818]LogSlate: Took 0.059565 seconds to synchronously load lazily loaded font '../../../Engine/Content/Slate/Fonts/DroidSansFallback.ttf' (3848K)
[2020.10.02-16.55.22:995][448]LogSavePackage: Moving 'C:/Users/roosa/OneDrive/Työpöytä/Koulujutut/Pelikehityksen perusteet/Peke2020/MyProject2/Saved/GameLevelGUIE9BDFF54413A759A446A35A5FEA47515.tmp' to 'C:/Users/roosa/OneDrive/Työpöytä/Koulujutut/Pelikehityksen perusteet/Peke2020/MyProject2/Content/Blueprints/GameLevelGUI.uasset'
[2020.10.02-16.55.23:010][448]AssetCheck: New page: Asset Save: GameLevelGUI
[2020.10.02-16.55.23:010][448]LogContentValidation: Display: Validating WidgetBlueprint /Game/Blueprints/GameLevelGUI.GameLevelGUI
[2020.10.02-16.55.23:825][530]BlueprintLog: New page: Compile GameLevelGUI
[2020.10.02-16.55.23:877][530]LogUObjectHash: Compacting FUObjectHashTables data took   3.72ms
[2020.10.02-16.55.47:001][161]BlueprintLog: New page: Compile GameLevel
[2020.10.02-16.55.47:041][161]LogUObjectHash: Compacting FUObjectHashTables data took   4.45ms
[2020.10.02-16.55.48:092][274]LogUObjectHash: Compacting FUObjectHashTables data took   2.43ms
[2020.10.02-16.55.48:122][274]LogSavePackage: Moving 'C:/Users/roosa/OneDrive/Työpöytä/Koulujutut/Pelikehityksen perusteet/Peke2020/MyProject2/Saved/GameLevel54904DC54474261EAB66DBBE47943663.tmp' to 'C:/Users/roosa/OneDrive/Työpöytä/Koulujutut/Pelikehityksen perusteet/Peke2020/MyProject2/Content/Levels/GameLevel.umap'
[2020.10.02-16.55.48:155][274]LogFileHelpers: Saving map 'GameLevel' took 0.088
[2020.10.02-16.55.48:164][274]AssetCheck: New page: Asset Save: GameLevel
[2020.10.02-16.55.48:164][274]LogContentValidation: Display: Validating World /Game/Levels/GameLevel.GameLevel
[2020.10.02-16.56.07:616][536]BlueprintLog: New page: Compile GameLevelGUI
[2020.10.02-16.56.07:646][536]LogUObjectHash: Compacting FUObjectHashTables data took   3.19ms
[2020.10.02-16.56.08:641][631]LogSavePackage: Moving 'C:/Users/roosa/OneDrive/Työpöytä/Koulujutut/Pelikehityksen perusteet/Peke2020/MyProject2/Saved/GameLevelGUI1BA481A64C1C32E197C17D8DC27ECF13.tmp' to 'C:/Users/roosa/OneDrive/Työpöytä/Koulujutut/Pelikehityksen perusteet/Peke2020/MyProject2/Content/Blueprints/GameLevelGUI.uasset'
[2020.10.02-16.56.08:651][631]AssetCheck: New page: Asset Save: GameLevelGUI
[2020.10.02-16.56.08:651][631]LogContentValidation: Display: Validating WidgetBlueprint /Game/Blueprints/GameLevelGUI.GameLevelGUI
[2020.10.02-16.56.09:998][764]LogWorld: UWorld::CleanupWorld for World_3, bSessionEnded=true, bCleanupResources=true
[2020.10.02-16.56.09:998][764]LogSlate: InvalidateAllWidgets triggered.  All widgets were invalidated
[2020.10.02-16.56.10:002][764]LogWorld: UWorld::CleanupWorld for World_2, bSessionEnded=true, bCleanupResources=true
[2020.10.02-16.56.10:002][764]LogSlate: InvalidateAllWidgets triggered.  All widgets were invalidated
[2020.10.02-16.56.26:116][119]LogAssetEditorSubsystem: Opening Asset editor for WidgetBlueprint /Game/Blueprints/GameLevelGUI.GameLevelGUI
[2020.10.02-16.56.33:990][930]LogSavePackage: Moving 'C:/Users/roosa/OneDrive/Työpöytä/Koulujutut/Pelikehityksen perusteet/Peke2020/MyProject2/Saved/GameLevelGUI345BB98446D6AC39C462ADB2E50B3C19.tmp' to 'C:/Users/roosa/OneDrive/Työpöytä/Koulujutut/Pelikehityksen perusteet/Peke2020/MyProject2/Content/Blueprints/GameLevelGUI.uasset'
[2020.10.02-16.56.34:002][930]AssetCheck: New page: Asset Save: GameLevelGUI
[2020.10.02-16.56.34:002][930]LogContentValidation: Display: Validating WidgetBlueprint /Game/Blueprints/GameLevelGUI.GameLevelGUI
[2020.10.02-16.56.34:505][983]BlueprintLog: New page: Compile GameLevelGUI
[2020.10.02-16.56.34:551][983]LogUObjectHash: Compacting FUObjectHashTables data took   4.67ms
[2020.10.02-16.59.16:101][471]BlueprintLog: New page: Compile GameLevel
[2020.10.02-16.59.16:140][471]LogUObjectHash: Compacting FUObjectHashTables data took   4.77ms
[2020.10.02-16.59.16:727][527]LogUObjectHash: Compacting FUObjectHashTables data took   2.54ms
[2020.10.02-16.59.16:764][527]LogSavePackage: Moving 'C:/Users/roosa/OneDrive/Työpöytä/Koulujutut/Pelikehityksen perusteet/Peke2020/MyProject2/Saved/GameLevel0D3B021A4FED314613637CB7EBB874E6.tmp' to 'C:/Users/roosa/OneDrive/Työpöytä/Koulujutut/Pelikehityksen perusteet/Peke2020/MyProject2/Content/Levels/GameLevel.umap'
[2020.10.02-16.59.16:795][527]LogFileHelpers: Saving map 'GameLevel' took 0.095
[2020.10.02-16.59.16:804][527]AssetCheck: New page: Asset Save: GameLevel
[2020.10.02-16.59.16:804][527]LogContentValidation: Display: Validating World /Game/Levels/GameLevel.GameLevel
[2020.10.02-16.59.31:392][248]LogUObjectHash: Compacting FUObjectHashTables data took   2.27ms
[2020.10.02-16.59.31:423][248]LogSavePackage: Moving 'C:/Users/roosa/OneDrive/Työpöytä/Koulujutut/Pelikehityksen perusteet/Peke2020/MyProject2/Saved/GameLevelCD51B53C4AA62CE868E59191DC9FB6B3.tmp' to 'C:/Users/roosa/OneDrive/Työpöytä/Koulujutut/Pelikehityksen perusteet/Peke2020/MyProject2/Content/Levels/GameLevel.umap'
[2020.10.02-16.59.31:453][248]LogFileHelpers: Saving map 'GameLevel' took 0.086
[2020.10.02-16.59.31:463][248]AssetCheck: New page: Asset Save: GameLevel
[2020.10.02-16.59.31:463][248]LogContentValidation: Display: Validating World /Game/Levels/GameLevel.GameLevel
[2020.10.02-16.59.35:884][740]LogAssetEditorSubsystem: Opening Asset editor for Blueprint /Game/Blueprints/Collectible.Collectible
[2020.10.02-17.01.33:010][692]BlueprintLog: New page: Compile Collectible
[2020.10.02-17.01.33:094][692]LogUObjectHash: Compacting FUObjectHashTables data took   4.59ms
[2020.10.02-17.01.33:536][726]LogSavePackage: Moving 'C:/Users/roosa/OneDrive/Työpöytä/Koulujutut/Pelikehityksen perusteet/Peke2020/MyProject2/Saved/Collectible8E98B21944CD6AAFBB90EAB01B0F57AE.tmp' to 'C:/Users/roosa/OneDrive/Työpöytä/Koulujutut/Pelikehityksen perusteet/Peke2020/MyProject2/Content/Blueprints/Collectible.uasset'
[2020.10.02-17.01.33:548][726]AssetCheck: New page: Asset Save: Collectible
[2020.10.02-17.01.33:548][726]LogContentValidation: Display: Validating Blueprint /Game/Blueprints/Collectible.Collectible
[2020.10.02-17.01.36:549][ 43]LogTemp: Repeating last play command: Selected Viewport
[2020.10.02-17.01.36:565][ 43]LogPlayLevel: PlayLevel: No blueprints needed recompiling
[2020.10.02-17.01.36:566][ 43]PIE: New page: PIE session: GameLevel (2.10.2020 klo 23.01.36)
[2020.10.02-17.01.36:567][ 43]LogOnline: OSS: Creating online subsystem instance for: NULL
[2020.10.02-17.01.36:567][ 43]LogOnline: OSS: TryLoadSubsystemAndSetDefault: Loaded subsystem for module [NULL]
[2020.10.02-17.01.36:568][ 43]LogPlayLevel: Creating play world package: /Game/Levels/UEDPIE_0_GameLevel
[2020.10.02-17.01.36:570][ 43]LogPlayLevel: PIE: StaticDuplicateObject took: (0.002086s)
[2020.10.02-17.01.36:570][ 43]LogAIModule: Creating AISystem for world GameLevel
[2020.10.02-17.01.36:570][ 43]LogAISub: UAISubsystem::UAISubsystem EnvQueryManager (000001C098E7EC00), frame # 62043
[2020.10.02-17.01.36:570][ 43]LogAISub: UAISubsystem::UAISubsystem AIPerceptionSystem (000001C0319FE840), frame # 62043
[2020.10.02-17.01.36:571][ 43]LogPlayLevel: PIE: World Init took: (0.000877s)
[2020.10.02-17.01.36:571][ 43]LogPlayLevel: PIE: Created PIE world by copying editor world from /Game/Levels/GameLevel.GameLevel to /Game/Levels/UEDPIE_0_GameLevel.GameLevel (0.003045s)
[2020.10.02-17.01.36:599][ 43]LogUObjectHash: Compacting FUObjectHashTables data took   3.17ms
[2020.10.02-17.01.36:601][ 43]LogAudioMixer: Display: Audio Mixer Platform Settings:
[2020.10.02-17.01.36:601][ 43]LogAudioMixer: Display: 	Sample Rate:						  48000
[2020.10.02-17.01.36:601][ 43]LogAudioMixer: Display: 	Callback Buffer Frame Size Requested: 1024
[2020.10.02-17.01.36:601][ 43]LogAudioMixer: Display: 	Callback Buffer Frame Size To Use:	  1024
[2020.10.02-17.01.36:601][ 43]LogAudioMixer: Display: 	Number of buffers to queue:			  2
[2020.10.02-17.01.36:601][ 43]LogAudioMixer: Display: 	Max Channels (voices):				  32
[2020.10.02-17.01.36:601][ 43]LogAudioMixer: Display: 	Number of Async Source Workers:		  0
[2020.10.02-17.01.36:601][ 43]LogAudio: Display: AudioDevice MaxSources: 32
[2020.10.02-17.01.36:601][ 43]LogAudio: Display: Using built-in audio occlusion.
[2020.10.02-17.01.36:601][ 43]LogAudioMixer: Display: Initializing audio mixer.
[2020.10.02-17.01.36:626][ 43]LogAudioMixer: Display: 0: FrontLeft
[2020.10.02-17.01.36:626][ 43]LogAudioMixer: Display: 1: FrontRight
[2020.10.02-17.01.36:642][ 43]LogAudioMixer: Display: Using Audio Device Kaiuttimet (Realtek(R) Audio)
[2020.10.02-17.01.36:642][ 43]LogAudioMixer: Display: Initializing Sound Submixes...
[2020.10.02-17.01.36:642][ 43]LogAudioMixer: Display: Creating Master Submix 'MasterSubmixDefault'
[2020.10.02-17.01.36:642][ 43]LogAudioMixer: Display: Creating Master Submix 'MasterReverbSubmixDefault'
[2020.10.02-17.01.36:643][ 43]LogAudioMixer: Display: Creating Master Submix 'MasterEQSubmixDefault'
[2020.10.02-17.01.36:652][ 43]LogInit: FAudioDevice initialized.
[2020.10.02-17.01.36:661][ 43]LogLoad: Game class is 'MyGameMode_C'
[2020.10.02-17.01.36:662][ 43]LogWorld: Bringing World /Game/Levels/UEDPIE_0_GameLevel.GameLevel up for play (max tick rate 0) at 2020.10.02-20.01.36
[2020.10.02-17.01.36:662][ 43]LogWorld: Bringing up level for play took: 0.000557
[2020.10.02-17.01.36:662][ 43]LogOnline: OSS: Creating online subsystem instance for: :Context_8
[2020.10.02-17.01.36:706][ 43]LogContentBrowser: Native class hierarchy updated for 'MovieSceneCapture' in 0.0004 seconds. Added 20 classes and 0 folders.
[2020.10.02-17.01.36:708][ 43]PIE: Server logged in
[2020.10.02-17.01.36:710][ 43]PIE: Play in editor total start time 0,145 seconds.
[2020.10.02-17.02.22:875][543]LogSlate: Updating window title bar state: overlay mode, drag disabled, window buttons hidden, title bar hidden
[2020.10.02-17.02.22:875][543]LogWorld: BeginTearingDown for /Game/Levels/UEDPIE_0_GameLevel
[2020.10.02-17.02.22:875][543]LogWorld: UWorld::CleanupWorld for GameLevel, bSessionEnded=true, bCleanupResources=true
[2020.10.02-17.02.22:875][543]LogSlate: InvalidateAllWidgets triggered.  All widgets were invalidated
[2020.10.02-17.02.22:885][543]LogPlayLevel: Display: Shutting down PIE online subsystems
[2020.10.02-17.02.22:890][543]LogSlate: InvalidateAllWidgets triggered.  All widgets were invalidated
[2020.10.02-17.02.22:931][543]LogSlate: Updating window title bar state: overlay mode, drag disabled, window buttons hidden, title bar hidden
[2020.10.02-17.02.22:933][543]LogAISub: UAISubsystem::~UAISubsystem AIPerceptionSystem (000001C0319FE840), frame # 67543
[2020.10.02-17.02.22:933][543]LogAISub: UAISubsystem::~UAISubsystem EnvQueryManager (000001C098E7EC00), frame # 67543
[2020.10.02-17.02.22:953][543]LogUObjectHash: Compacting FUObjectHashTables data took   4.33ms
[2020.10.02-17.02.22:985][544]LogPlayLevel: Display: Destroying online subsystem :Context_8
[2020.10.02-17.02.38:551][984]LogAssetEditorSubsystem: Opening Asset editor for Blueprint /Game/Blueprints/MoneyBag.MoneyBag
[2020.10.02-17.03.21:560][ 95]BlueprintLog: New page: Compile MoneyBag
[2020.10.02-17.03.21:621][ 95]LogUObjectHash: Compacting FUObjectHashTables data took   6.53ms
[2020.10.02-17.03.22:217][152]Cmd: OBJ SAVEPACKAGE PACKAGE="/Game/Blueprints/MoneyBag" FILE="C:/Users/roosa/OneDrive/Työpöytä/Koulujutut/Pelikehityksen perusteet/Peke2020/MyProject2/Content/Blueprints/MoneyBag.uasset" SILENT=true
[2020.10.02-17.03.22:250][152]LogSavePackage: Moving 'C:/Users/roosa/OneDrive/Työpöytä/Koulujutut/Pelikehityksen perusteet/Peke2020/MyProject2/Saved/MoneyBagA110C3694ECCE2A628920E91F1FB958B.tmp' to 'C:/Users/roosa/OneDrive/Työpöytä/Koulujutut/Pelikehityksen perusteet/Peke2020/MyProject2/Content/Blueprints/MoneyBag.uasset'
[2020.10.02-17.03.22:263][152]AssetCheck: New page: Asset Save: MoneyBag
[2020.10.02-17.03.22:263][152]LogContentValidation: Display: Validating Blueprint /Game/Blueprints/MoneyBag.MoneyBag
[2020.10.02-17.05.10:301][757]LogAssetEditorSubsystem: Opening Asset editor for Blueprint /Game/Blueprints/HeroHugo.HeroHugo
[2020.10.02-17.05.30:425][ 53]LogSlate: Took 0.016307 seconds to synchronously load lazily loaded font '../../../Engine/Content/Slate/Fonts/Roboto-BoldCondensedItalic.ttf' (160K)
[2020.10.02-17.05.40:010][872]BlueprintLog: New page: Compile HeroHugo
[2020.10.02-17.05.40:068][872]LogUObjectHash: Compacting FUObjectHashTables data took   6.50ms
[2020.10.02-17.05.40:584][924]Cmd: OBJ SAVEPACKAGE PACKAGE="/Game/Blueprints/HeroHugo" FILE="C:/Users/roosa/OneDrive/Työpöytä/Koulujutut/Pelikehityksen perusteet/Peke2020/MyProject2/Content/Blueprints/HeroHugo.uasset" SILENT=true
[2020.10.02-17.05.40:621][924]LogSavePackage: Moving 'C:/Users/roosa/OneDrive/Työpöytä/Koulujutut/Pelikehityksen perusteet/Peke2020/MyProject2/Saved/HeroHugo14D585FE415319B3AAE707B592E8F8CF.tmp' to 'C:/Users/roosa/OneDrive/Työpöytä/Koulujutut/Pelikehityksen perusteet/Peke2020/MyProject2/Content/Blueprints/HeroHugo.uasset'
[2020.10.02-17.05.40:633][924]AssetCheck: New page: Asset Save: HeroHugo
[2020.10.02-17.05.40:633][924]LogContentValidation: Display: Validating Blueprint /Game/Blueprints/HeroHugo.HeroHugo
[2020.10.02-17.12.21:176][983]BlueprintLog: New page: Compile GameLevel
[2020.10.02-17.12.21:233][983]LogUObjectHash: Compacting FUObjectHashTables data took   6.48ms
[2020.10.02-17.12.22:188][ 83]LogUObjectHash: Compacting FUObjectHashTables data took   3.76ms
[2020.10.02-17.12.22:229][ 83]LogSavePackage: Moving 'C:/Users/roosa/OneDrive/Työpöytä/Koulujutut/Pelikehityksen perusteet/Peke2020/MyProject2/Saved/GameLevel5543CDCF4C1063D2AE4DF28FA0FBE58D.tmp' to 'C:/Users/roosa/OneDrive/Työpöytä/Koulujutut/Pelikehityksen perusteet/Peke2020/MyProject2/Content/Levels/GameLevel.umap'
[2020.10.02-17.12.22:263][ 83]LogFileHelpers: Saving map 'GameLevel' took 0.113
[2020.10.02-17.12.22:274][ 83]AssetCheck: New page: Asset Save: GameLevel
[2020.10.02-17.12.22:274][ 83]LogContentValidation: Display: Validating World /Game/Levels/GameLevel.GameLevel
[2020.10.02-17.12.26:808][596]LogTemp: Repeating last play command: Selected Viewport
[2020.10.02-17.12.26:824][596]LogPlayLevel: PlayLevel: No blueprints needed recompiling
[2020.10.02-17.12.26:824][596]PIE: New page: PIE session: GameLevel (2.10.2020 klo 23.12.26)
[2020.10.02-17.12.26:824][596]LogPlayLevel: Creating play world package: /Game/Levels/UEDPIE_0_GameLevel
[2020.10.02-17.12.26:827][596]LogPlayLevel: PIE: StaticDuplicateObject took: (0.002239s)
[2020.10.02-17.12.26:827][596]LogAIModule: Creating AISystem for world GameLevel
[2020.10.02-17.12.26:828][596]LogAISub: UAISubsystem::UAISubsystem EnvQueryManager (000001C0C3053E00), frame # 128596
[2020.10.02-17.12.26:828][596]LogAISub: UAISubsystem::UAISubsystem AIPerceptionSystem (000001C0B6ED1F80), frame # 128596
[2020.10.02-17.12.26:828][596]LogPlayLevel: PIE: World Init took: (0.000956s)
[2020.10.02-17.12.26:828][596]LogPlayLevel: PIE: Created PIE world by copying editor world from /Game/Levels/GameLevel.GameLevel to /Game/Levels/UEDPIE_0_GameLevel.GameLevel (0.003269s)
[2020.10.02-17.12.26:862][596]LogUObjectHash: Compacting FUObjectHashTables data took   3.74ms
[2020.10.02-17.12.26:863][596]LogAudioMixer: Display: Audio Mixer Platform Settings:
[2020.10.02-17.12.26:863][596]LogAudioMixer: Display: 	Sample Rate:						  48000
[2020.10.02-17.12.26:863][596]LogAudioMixer: Display: 	Callback Buffer Frame Size Requested: 1024
[2020.10.02-17.12.26:863][596]LogAudioMixer: Display: 	Callback Buffer Frame Size To Use:	  1024
[2020.10.02-17.12.26:863][596]LogAudioMixer: Display: 	Number of buffers to queue:			  2
[2020.10.02-17.12.26:863][596]LogAudioMixer: Display: 	Max Channels (voices):				  32
[2020.10.02-17.12.26:863][596]LogAudioMixer: Display: 	Number of Async Source Workers:		  0
[2020.10.02-17.12.26:863][596]LogAudio: Display: AudioDevice MaxSources: 32
[2020.10.02-17.12.26:864][596]LogAudio: Display: Using built-in audio occlusion.
[2020.10.02-17.12.26:864][596]LogAudioMixer: Display: Initializing audio mixer.
[2020.10.02-17.12.26:865][596]LogAudioMixer: Display: 0: FrontLeft
[2020.10.02-17.12.26:865][596]LogAudioMixer: Display: 1: FrontRight
[2020.10.02-17.12.26:879][596]LogAudioMixer: Display: Using Audio Device Kaiuttimet (Realtek(R) Audio)
[2020.10.02-17.12.26:880][596]LogAudioMixer: Display: Initializing Sound Submixes...
[2020.10.02-17.12.26:880][596]LogAudioMixer: Display: Creating Master Submix 'MasterSubmixDefault'
[2020.10.02-17.12.26:880][596]LogAudioMixer: Display: Creating Master Submix 'MasterReverbSubmixDefault'
[2020.10.02-17.12.26:880][596]LogAudioMixer: Display: Creating Master Submix 'MasterEQSubmixDefault'
[2020.10.02-17.12.26:890][596]LogInit: FAudioDevice initialized.
[2020.10.02-17.12.26:896][596]LogLoad: Game class is 'MyGameMode_C'
[2020.10.02-17.12.26:897][596]LogWorld: Bringing World /Game/Levels/UEDPIE_0_GameLevel.GameLevel up for play (max tick rate 0) at 2020.10.02-20.12.26
[2020.10.02-17.12.26:897][596]LogWorld: Bringing up level for play took: 0.000562
[2020.10.02-17.12.26:897][596]LogOnline: OSS: Creating online subsystem instance for: :Context_11
[2020.10.02-17.12.26:899][596]PIE: Server logged in
[2020.10.02-17.12.26:900][596]PIE: Play in editor total start time 0,076 seconds.
[2020.10.02-17.12.53:945][830]LogSlate: Updating window title bar state: overlay mode, drag disabled, window buttons hidden, title bar hidden
[2020.10.02-17.12.53:945][830]LogWorld: BeginTearingDown for /Game/Levels/UEDPIE_0_GameLevel
[2020.10.02-17.12.53:945][830]LogWorld: UWorld::CleanupWorld for GameLevel, bSessionEnded=true, bCleanupResources=true
[2020.10.02-17.12.53:945][830]LogSlate: InvalidateAllWidgets triggered.  All widgets were invalidated
[2020.10.02-17.12.53:949][830]LogPlayLevel: Display: Shutting down PIE online subsystems
[2020.10.02-17.12.53:954][830]LogSlate: InvalidateAllWidgets triggered.  All widgets were invalidated
[2020.10.02-17.12.53:986][830]LogSlate: Updating window title bar state: overlay mode, drag disabled, window buttons hidden, title bar hidden
[2020.10.02-17.12.53:998][830]LogAISub: UAISubsystem::~UAISubsystem AIPerceptionSystem (000001C0B6ED1F80), frame # 131830
[2020.10.02-17.12.53:998][830]LogAISub: UAISubsystem::~UAISubsystem EnvQueryManager (000001C0C3053E00), frame # 131830
[2020.10.02-17.12.54:002][830]LogUObjectHash: Compacting FUObjectHashTables data took   3.79ms
[2020.10.02-17.12.54:034][831]LogPlayLevel: Display: Destroying online subsystem :Context_11
[2020.10.02-17.12.55:182][956]LogTemp: Repeating last play command: Selected Viewport
[2020.10.02-17.12.55:198][956]LogPlayLevel: PlayLevel: No blueprints needed recompiling
[2020.10.02-17.12.55:198][956]PIE: New page: PIE session: GameLevel (2.10.2020 klo 23.12.55)
[2020.10.02-17.12.55:198][956]LogPlayLevel: Creating play world package: /Game/Levels/UEDPIE_0_GameLevel
[2020.10.02-17.12.55:201][956]LogPlayLevel: PIE: StaticDuplicateObject took: (0.002257s)
[2020.10.02-17.12.55:201][956]LogAIModule: Creating AISystem for world GameLevel
[2020.10.02-17.12.55:201][956]LogAISub: UAISubsystem::UAISubsystem EnvQueryManager (000001C0CA0F3E00), frame # 131956
[2020.10.02-17.12.55:201][956]LogAISub: UAISubsystem::UAISubsystem AIPerceptionSystem (000001C0BC636AC0), frame # 131956
[2020.10.02-17.12.55:202][956]LogPlayLevel: PIE: World Init took: (0.000905s)
[2020.10.02-17.12.55:202][956]LogPlayLevel: PIE: Created PIE world by copying editor world from /Game/Levels/GameLevel.GameLevel to /Game/Levels/UEDPIE_0_GameLevel.GameLevel (0.003234s)
[2020.10.02-17.12.55:235][956]LogUObjectHash: Compacting FUObjectHashTables data took   3.31ms
[2020.10.02-17.12.55:236][956]LogAudioMixer: Display: Audio Mixer Platform Settings:
[2020.10.02-17.12.55:236][956]LogAudioMixer: Display: 	Sample Rate:						  48000
[2020.10.02-17.12.55:236][956]LogAudioMixer: Display: 	Callback Buffer Frame Size Requested: 1024
[2020.10.02-17.12.55:236][956]LogAudioMixer: Display: 	Callback Buffer Frame Size To Use:	  1024
[2020.10.02-17.12.55:236][956]LogAudioMixer: Display: 	Number of buffers to queue:			  2
[2020.10.02-17.12.55:236][956]LogAudioMixer: Display: 	Max Channels (voices):				  32
[2020.10.02-17.12.55:236][956]LogAudioMixer: Display: 	Number of Async Source Workers:		  0
[2020.10.02-17.12.55:236][956]LogAudio: Display: AudioDevice MaxSources: 32
[2020.10.02-17.12.55:237][956]LogAudio: Display: Using built-in audio occlusion.
[2020.10.02-17.12.55:237][956]LogAudioMixer: Display: Initializing audio mixer.
[2020.10.02-17.12.55:238][956]LogAudioMixer: Display: 0: FrontLeft
[2020.10.02-17.12.55:238][956]LogAudioMixer: Display: 1: FrontRight
[2020.10.02-17.12.55:251][956]LogAudioMixer: Display: Using Audio Device Kaiuttimet (Realtek(R) Audio)
[2020.10.02-17.12.55:251][956]LogAudioMixer: Display: Initializing Sound Submixes...
[2020.10.02-17.12.55:252][956]LogAudioMixer: Display: Creating Master Submix 'MasterSubmixDefault'
[2020.10.02-17.12.55:252][956]LogAudioMixer: Display: Creating Master Submix 'MasterReverbSubmixDefault'
[2020.10.02-17.12.55:252][956]LogAudioMixer: Display: Creating Master Submix 'MasterEQSubmixDefault'
[2020.10.02-17.12.55:261][956]LogInit: FAudioDevice initialized.
[2020.10.02-17.12.55:267][956]LogLoad: Game class is 'MyGameMode_C'
[2020.10.02-17.12.55:268][956]LogWorld: Bringing World /Game/Levels/UEDPIE_0_GameLevel.GameLevel up for play (max tick rate 0) at 2020.10.02-20.12.55
[2020.10.02-17.12.55:268][956]LogWorld: Bringing up level for play took: 0.000546
[2020.10.02-17.12.55:268][956]LogOnline: OSS: Creating online subsystem instance for: :Context_12
[2020.10.02-17.12.55:270][956]PIE: Server logged in
[2020.10.02-17.12.55:271][956]PIE: Play in editor total start time 0,073 seconds.
[2020.10.02-17.12.56:454][ 93]LogSlate: Updating window title bar state: overlay mode, drag disabled, window buttons hidden, title bar hidden
[2020.10.02-17.12.56:454][ 93]LogWorld: BeginTearingDown for /Game/Levels/UEDPIE_0_GameLevel
[2020.10.02-17.12.56:454][ 93]LogWorld: UWorld::CleanupWorld for GameLevel, bSessionEnded=true, bCleanupResources=true
[2020.10.02-17.12.56:454][ 93]LogSlate: InvalidateAllWidgets triggered.  All widgets were invalidated
[2020.10.02-17.12.56:464][ 93]LogPlayLevel: Display: Shutting down PIE online subsystems
[2020.10.02-17.12.56:469][ 93]LogSlate: InvalidateAllWidgets triggered.  All widgets were invalidated
[2020.10.02-17.12.56:513][ 93]LogSlate: Updating window title bar state: overlay mode, drag disabled, window buttons hidden, title bar hidden
[2020.10.02-17.12.56:513][ 93]LogAISub: UAISubsystem::~UAISubsystem AIPerceptionSystem (000001C0BC636AC0), frame # 132093
[2020.10.02-17.12.56:513][ 93]LogAISub: UAISubsystem::~UAISubsystem EnvQueryManager (000001C0CA0F3E00), frame # 132093
[2020.10.02-17.12.56:517][ 93]LogUObjectHash: Compacting FUObjectHashTables data took   3.17ms
[2020.10.02-17.12.56:548][ 94]LogPlayLevel: Display: Destroying online subsystem :Context_12
[2020.10.02-17.12.56:668][104]Cmd: SELECT NONE
[2020.10.02-17.13.41:399][831]LogSlate: Window 'HeroHugo' being destroyed
[2020.10.02-17.13.41:402][831]LogSlate: Window 'HeroHugo' being destroyed
[2020.10.02-17.13.41:444][831]LogWorld: UWorld::CleanupWorld for World_0, bSessionEnded=true, bCleanupResources=true
[2020.10.02-17.13.41:444][831]LogSlate: InvalidateAllWidgets triggered.  All widgets were invalidated
[2020.10.02-17.13.41:553][831]LogWorld: UWorld::CleanupWorld for World_5, bSessionEnded=true, bCleanupResources=true
[2020.10.02-17.13.41:553][831]LogSlate: InvalidateAllWidgets triggered.  All widgets were invalidated
[2020.10.02-17.13.41:559][831]LogWorld: UWorld::CleanupWorld for World_4, bSessionEnded=true, bCleanupResources=true
[2020.10.02-17.13.41:559][831]LogSlate: InvalidateAllWidgets triggered.  All widgets were invalidated
[2020.10.02-17.13.41:611][831]LogWorld: UWorld::CleanupWorld for World_6, bSessionEnded=true, bCleanupResources=true
[2020.10.02-17.13.41:611][831]LogSlate: InvalidateAllWidgets triggered.  All widgets were invalidated
[2020.10.02-17.13.41:673][831]LogActorComponent: UnregisterComponent: (/Engine/Transient.EditorFloorComp) Not registered. Aborting.
[2020.10.02-17.13.41:673][831]LogWorld: UWorld::CleanupWorld for World_7, bSessionEnded=true, bCleanupResources=true
[2020.10.02-17.13.41:673][831]LogSlate: InvalidateAllWidgets triggered.  All widgets were invalidated
[2020.10.02-17.13.41:731][831]LogActorComponent: UnregisterComponent: (/Engine/Transient.EditorFloorComp) Not registered. Aborting.
[2020.10.02-17.13.41:731][831]LogWorld: UWorld::CleanupWorld for World_8, bSessionEnded=true, bCleanupResources=true
[2020.10.02-17.13.41:731][831]LogSlate: InvalidateAllWidgets triggered.  All widgets were invalidated
[2020.10.02-17.13.43:505][ 20]LogUObjectHash: Compacting FUObjectHashTables data took   3.19ms
[2020.10.02-17.13.43:539][ 20]LogSavePackage: Moving 'C:/Users/roosa/OneDrive/Työpöytä/Koulujutut/Pelikehityksen perusteet/Peke2020/MyProject2/Saved/GameLevelF4DE965346CAD304E62A08B7C8DFF0D4.tmp' to 'C:/Users/roosa/OneDrive/Työpöytä/Koulujutut/Pelikehityksen perusteet/Peke2020/MyProject2/Content/Levels/GameLevel.umap'
[2020.10.02-17.13.43:616][ 20]LogSavePackage: Moving 'C:/Users/roosa/OneDrive/Työpöytä/Koulujutut/Pelikehityksen perusteet/Peke2020/MyProject2/Saved/GameLevel_BuiltData46AFBEE44B98B562BD5C91AEA31F8C7E.tmp' to 'C:/Users/roosa/OneDrive/Työpöytä/Koulujutut/Pelikehityksen perusteet/Peke2020/MyProject2/Content/Levels/GameLevel_BuiltData.uasset'
[2020.10.02-17.13.43:630][ 20]AssetCheck: New page: Asset Save: multiple assets
[2020.10.02-17.13.43:630][ 20]LogContentValidation: Display: Validating World /Game/Levels/GameLevel.GameLevel
[2020.10.02-17.13.43:630][ 20]LogContentValidation: Display: Validating MapBuildDataRegistry /Game/Levels/GameLevel_BuiltData.GameLevel_BuiltData
